{"C:\\Users\\mevis\\MQTT-Ingetsion\\config-ui\\server\\debug_paths.js": {"path":"C:\\Users\\mevis\\MQTT-Ingetsion\\config-ui\\server\\debug_paths.js","statementMap":{"0":{"start":{"line":1,"column":13},"end":{"line":1,"column":28}},"1":{"start":{"line":2,"column":11},"end":{"line":2,"column":24}},"2":{"start":{"line":4,"column":15},"end":{"line":4,"column":40}},"3":{"start":{"line":5,"column":17},"end":{"line":5,"column":47}},"4":{"start":{"line":6,"column":17},"end":{"line":6,"column":69}},"5":{"start":{"line":8,"column":0},"end":{"line":8,"column":31}},"6":{"start":{"line":9,"column":0},"end":{"line":9,"column":35}},"7":{"start":{"line":10,"column":0},"end":{"line":10,"column":35}},"8":{"start":{"line":11,"column":0},"end":{"line":11,"column":37}},"9":{"start":{"line":13,"column":21},"end":{"line":13,"column":77}},"10":{"start":{"line":14,"column":0},"end":{"line":14,"column":48}},"11":{"start":{"line":15,"column":0},"end":{"line":15,"column":65}},"12":{"start":{"line":17,"column":21},"end":{"line":17,"column":77}},"13":{"start":{"line":18,"column":0},"end":{"line":18,"column":48}},"14":{"start":{"line":19,"column":0},"end":{"line":19,"column":65}}},"fnMap":{},"branchMap":{"0":{"loc":{"start":{"line":6,"column":17},"end":{"line":6,"column":69}},"type":"cond-expr","locations":[{"start":{"line":6,"column":26},"end":{"line":6,"column":34}},{"start":{"line":6,"column":37},"end":{"line":6,"column":69}}],"line":6},"1":{"loc":{"start":{"line":13,"column":31},"end":{"line":13,"column":60}},"type":"cond-expr","locations":[{"start":{"line":13,"column":40},"end":{"line":13,"column":48}},{"start":{"line":13,"column":51},"end":{"line":13,"column":60}}],"line":13},"2":{"loc":{"start":{"line":17,"column":31},"end":{"line":17,"column":60}},"type":"cond-expr","locations":[{"start":{"line":17,"column":40},"end":{"line":17,"column":48}},{"start":{"line":17,"column":51},"end":{"line":17,"column":60}}],"line":17}},"s":{"0":0,"1":0,"2":0,"3":0,"4":0,"5":0,"6":0,"7":0,"8":0,"9":0,"10":0,"11":0,"12":0,"13":0,"14":0},"f":{},"b":{"0":[0,0],"1":[0,0],"2":[0,0]}}
,"C:\\Users\\mevis\\MQTT-Ingetsion\\config-ui\\server\\index.js": {"path":"C:\\Users\\mevis\\MQTT-Ingetsion\\config-ui\\server\\index.js","statementMap":{"0":{"start":{"line":1,"column":16},"end":{"line":1,"column":34}},"1":{"start":{"line":2,"column":13},"end":{"line":2,"column":28}},"2":{"start":{"line":3,"column":11},"end":{"line":3,"column":24}},"3":{"start":{"line":4,"column":0},"end":{"line":4,"column":84}},"4":{"start":{"line":5,"column":13},"end":{"line":5,"column":28}},"5":{"start":{"line":6,"column":24},"end":{"line":6,"column":48}},"6":{"start":{"line":7,"column":13},"end":{"line":7,"column":28}},"7":{"start":{"line":8,"column":26},"end":{"line":8,"column":51}},"8":{"start":{"line":11,"column":17},"end":{"line":11,"column":57}},"9":{"start":{"line":12,"column":0},"end":{"line":12,"column":54}},"10":{"start":{"line":13,"column":0},"end":{"line":13,"column":45}},"11":{"start":{"line":15,"column":21},"end":{"line":15,"column":52}},"12":{"start":{"line":16,"column":15},"end":{"line":16,"column":37}},"13":{"start":{"line":17,"column":0},"end":{"line":17,"column":62}},"14":{"start":{"line":20,"column":0},"end":{"line":23,"column":3}},"15":{"start":{"line":21,"column":4},"end":{"line":21,"column":46}},"16":{"start":{"line":22,"column":4},"end":{"line":22,"column":72}},"17":{"start":{"line":22,"column":32},"end":{"line":22,"column":72}},"18":{"start":{"line":26,"column":0},"end":{"line":28,"column":1}},"19":{"start":{"line":27,"column":4},"end":{"line":27,"column":27}},"20":{"start":{"line":30,"column":12},"end":{"line":30,"column":21}},"21":{"start":{"line":32,"column":0},"end":{"line":35,"column":3}},"22":{"start":{"line":33,"column":4},"end":{"line":33,"column":73}},"23":{"start":{"line":33,"column":22},"end":{"line":33,"column":73}},"24":{"start":{"line":34,"column":4},"end":{"line":34,"column":11}},"25":{"start":{"line":37,"column":13},"end":{"line":37,"column":37}},"26":{"start":{"line":40,"column":17},"end":{"line":40,"column":47}},"27":{"start":{"line":41,"column":15},"end":{"line":41,"column":40}},"28":{"start":{"line":42,"column":17},"end":{"line":42,"column":69}},"29":{"start":{"line":43,"column":17},"end":{"line":43,"column":44}},"30":{"start":{"line":44,"column":21},"end":{"line":44,"column":77}},"31":{"start":{"line":46,"column":0},"end":{"line":46,"column":16}},"32":{"start":{"line":47,"column":0},"end":{"line":47,"column":24}},"33":{"start":{"line":48,"column":0},"end":{"line":48,"column":49}},"34":{"start":{"line":53,"column":0},"end":{"line":53,"column":63}},"35":{"start":{"line":53,"column":35},"end":{"line":53,"column":61}},"36":{"start":{"line":56,"column":19},"end":{"line":56,"column":21}},"37":{"start":{"line":57,"column":4},"end":{"line":60,"column":7}},"38":{"start":{"line":58,"column":30},"end":{"line":58,"column":45}},"39":{"start":{"line":59,"column":8},"end":{"line":59,"column":66}},"40":{"start":{"line":59,"column":24},"end":{"line":59,"column":66}},"41":{"start":{"line":61,"column":4},"end":{"line":61,"column":18}},"42":{"start":{"line":64,"column":0},"end":{"line":82,"column":3}},"43":{"start":{"line":65,"column":4},"end":{"line":81,"column":5}},"44":{"start":{"line":66,"column":8},"end":{"line":66,"column":95}},"45":{"start":{"line":66,"column":38},"end":{"line":66,"column":95}},"46":{"start":{"line":67,"column":24},"end":{"line":67,"column":58}},"47":{"start":{"line":68,"column":20},"end":{"line":68,"column":37}},"48":{"start":{"line":69,"column":22},"end":{"line":69,"column":24}},"49":{"start":{"line":70,"column":8},"end":{"line":76,"column":9}},"50":{"start":{"line":71,"column":12},"end":{"line":75,"column":13}},"51":{"start":{"line":72,"column":16},"end":{"line":72,"column":77}},"52":{"start":{"line":74,"column":16},"end":{"line":74,"column":62}},"53":{"start":{"line":77,"column":8},"end":{"line":77,"column":35}},"54":{"start":{"line":79,"column":8},"end":{"line":79,"column":46}},"55":{"start":{"line":80,"column":8},"end":{"line":80,"column":53}},"56":{"start":{"line":84,"column":0},"end":{"line":132,"column":3}},"57":{"start":{"line":85,"column":4},"end":{"line":131,"column":5}},"58":{"start":{"line":86,"column":32},"end":{"line":86,"column":40}},"59":{"start":{"line":88,"column":8},"end":{"line":88,"column":86}},"60":{"start":{"line":88,"column":21},"end":{"line":88,"column":86}},"61":{"start":{"line":91,"column":25},"end":{"line":91,"column":90}},"62":{"start":{"line":92,"column":24},"end":{"line":92,"column":44}},"63":{"start":{"line":94,"column":8},"end":{"line":105,"column":9}},"64":{"start":{"line":95,"column":12},"end":{"line":95,"column":77}},"65":{"start":{"line":95,"column":60},"end":{"line":95,"column":65}},"66":{"start":{"line":96,"column":12},"end":{"line":104,"column":25}},"67":{"start":{"line":97,"column":16},"end":{"line":103,"column":17}},"68":{"start":{"line":98,"column":35},"end":{"line":98,"column":93}},"69":{"start":{"line":99,"column":31},"end":{"line":99,"column":66}},"70":{"start":{"line":100,"column":20},"end":{"line":100,"column":45}},"71":{"start":{"line":102,"column":20},"end":{"line":102,"column":44}},"72":{"start":{"line":106,"column":8},"end":{"line":113,"column":9}},"73":{"start":{"line":107,"column":12},"end":{"line":107,"column":56}},"74":{"start":{"line":107,"column":25},"end":{"line":107,"column":56}},"75":{"start":{"line":108,"column":12},"end":{"line":108,"column":56}},"76":{"start":{"line":108,"column":25},"end":{"line":108,"column":56}},"77":{"start":{"line":109,"column":12},"end":{"line":109,"column":56}},"78":{"start":{"line":109,"column":25},"end":{"line":109,"column":56}},"79":{"start":{"line":110,"column":12},"end":{"line":110,"column":60}},"80":{"start":{"line":110,"column":25},"end":{"line":110,"column":60}},"81":{"start":{"line":111,"column":12},"end":{"line":111,"column":56}},"82":{"start":{"line":111,"column":25},"end":{"line":111,"column":56}},"83":{"start":{"line":112,"column":12},"end":{"line":112,"column":66}},"84":{"start":{"line":112,"column":29},"end":{"line":112,"column":66}},"85":{"start":{"line":115,"column":27},"end":{"line":115,"column":92}},"86":{"start":{"line":115,"column":69},"end":{"line":115,"column":80}},"87":{"start":{"line":116,"column":8},"end":{"line":116,"column":47}},"88":{"start":{"line":119,"column":8},"end":{"line":125,"column":9}},"89":{"start":{"line":121,"column":12},"end":{"line":124,"column":15}},"90":{"start":{"line":122,"column":16},"end":{"line":123,"column":82}},"91":{"start":{"line":122,"column":25},"end":{"line":122,"column":88}},"92":{"start":{"line":123,"column":21},"end":{"line":123,"column":82}},"93":{"start":{"line":127,"column":8},"end":{"line":127,"column":104}},"94":{"start":{"line":129,"column":8},"end":{"line":129,"column":47}},"95":{"start":{"line":130,"column":8},"end":{"line":130,"column":53}},"96":{"start":{"line":137,"column":17},"end":{"line":142,"column":1}},"97":{"start":{"line":144,"column":24},"end":{"line":144,"column":28}},"98":{"start":{"line":145,"column":27},"end":{"line":145,"column":28}},"99":{"start":{"line":146,"column":18},"end":{"line":146,"column":22}},"100":{"start":{"line":148,"column":0},"end":{"line":216,"column":3}},"101":{"start":{"line":149,"column":16},"end":{"line":149,"column":26}},"102":{"start":{"line":150,"column":4},"end":{"line":152,"column":5}},"103":{"start":{"line":151,"column":8},"end":{"line":151,"column":43}},"104":{"start":{"line":154,"column":21},"end":{"line":154,"column":23}},"105":{"start":{"line":155,"column":17},"end":{"line":155,"column":38}},"106":{"start":{"line":156,"column":20},"end":{"line":156,"column":21}},"107":{"start":{"line":158,"column":4},"end":{"line":158,"column":61}},"108":{"start":{"line":158,"column":27},"end":{"line":158,"column":61}},"109":{"start":{"line":160,"column":24},"end":{"line":165,"column":5}},"110":{"start":{"line":167,"column":19},"end":{"line":178,"column":5}},"111":{"start":{"line":168,"column":8},"end":{"line":168,"column":30}},"112":{"start":{"line":169,"column":8},"end":{"line":169,"column":20}},"113":{"start":{"line":170,"column":8},"end":{"line":177,"column":9}},"114":{"start":{"line":171,"column":12},"end":{"line":176,"column":15}},"115":{"start":{"line":172,"column":33},"end":{"line":172,"column":86}},"116":{"start":{"line":173,"column":16},"end":{"line":173,"column":45}},"117":{"start":{"line":174,"column":16},"end":{"line":174,"column":50}},"118":{"start":{"line":175,"column":16},"end":{"line":175,"column":35}},"119":{"start":{"line":180,"column":4},"end":{"line":215,"column":7}},"120":{"start":{"line":181,"column":8},"end":{"line":214,"column":11}},"121":{"start":{"line":182,"column":24},"end":{"line":182,"column":39}},"122":{"start":{"line":183,"column":35},"end":{"line":183,"column":114}},"123":{"start":{"line":185,"column":12},"end":{"line":213,"column":13}},"124":{"start":{"line":186,"column":16},"end":{"line":194,"column":17}},"125":{"start":{"line":187,"column":20},"end":{"line":187,"column":38}},"126":{"start":{"line":188,"column":23},"end":{"line":194,"column":17}},"127":{"start":{"line":189,"column":20},"end":{"line":189,"column":38}},"128":{"start":{"line":190,"column":23},"end":{"line":194,"column":17}},"129":{"start":{"line":191,"column":20},"end":{"line":191,"column":38}},"130":{"start":{"line":192,"column":23},"end":{"line":194,"column":17}},"131":{"start":{"line":193,"column":20},"end":{"line":193,"column":38}},"132":{"start":{"line":195,"column":16},"end":{"line":195,"column":35}},"133":{"start":{"line":196,"column":19},"end":{"line":213,"column":13}},"134":{"start":{"line":197,"column":29},"end":{"line":197,"column":45}},"135":{"start":{"line":198,"column":16},"end":{"line":210,"column":17}},"136":{"start":{"line":199,"column":37},"end":{"line":199,"column":55}},"137":{"start":{"line":200,"column":20},"end":{"line":200,"column":66}},"138":{"start":{"line":200,"column":44},"end":{"line":200,"column":66}},"139":{"start":{"line":202,"column":20},"end":{"line":207,"column":23}},"140":{"start":{"line":203,"column":24},"end":{"line":205,"column":25}},"141":{"start":{"line":204,"column":28},"end":{"line":204,"column":56}},"142":{"start":{"line":206,"column":24},"end":{"line":206,"column":43}},"143":{"start":{"line":209,"column":20},"end":{"line":209,"column":39}},"144":{"start":{"line":212,"column":16},"end":{"line":212,"column":39}},"145":{"start":{"line":218,"column":0},"end":{"line":238,"column":3}},"146":{"start":{"line":219,"column":24},"end":{"line":219,"column":32}},"147":{"start":{"line":220,"column":24},"end":{"line":220,"column":41}},"148":{"start":{"line":222,"column":4},"end":{"line":224,"column":5}},"149":{"start":{"line":223,"column":8},"end":{"line":223,"column":82}},"150":{"start":{"line":227,"column":4},"end":{"line":237,"column":7}},"151":{"start":{"line":228,"column":8},"end":{"line":235,"column":9}},"152":{"start":{"line":230,"column":12},"end":{"line":232,"column":13}},"153":{"start":{"line":231,"column":16},"end":{"line":231,"column":92}},"154":{"start":{"line":233,"column":12},"end":{"line":233,"column":64}},"155":{"start":{"line":234,"column":12},"end":{"line":234,"column":69}},"156":{"start":{"line":236,"column":8},"end":{"line":236,"column":71}},"157":{"start":{"line":240,"column":0},"end":{"line":259,"column":3}},"158":{"start":{"line":241,"column":24},"end":{"line":241,"column":32}},"159":{"start":{"line":242,"column":24},"end":{"line":242,"column":41}},"160":{"start":{"line":244,"column":4},"end":{"line":246,"column":5}},"161":{"start":{"line":245,"column":8},"end":{"line":245,"column":82}},"162":{"start":{"line":248,"column":4},"end":{"line":258,"column":7}},"163":{"start":{"line":249,"column":8},"end":{"line":256,"column":9}},"164":{"start":{"line":251,"column":12},"end":{"line":253,"column":13}},"165":{"start":{"line":252,"column":16},"end":{"line":252,"column":92}},"166":{"start":{"line":254,"column":12},"end":{"line":254,"column":63}},"167":{"start":{"line":255,"column":12},"end":{"line":255,"column":69}},"168":{"start":{"line":257,"column":8},"end":{"line":257,"column":71}},"169":{"start":{"line":262,"column":4},"end":{"line":262,"column":23}},"170":{"start":{"line":266,"column":18},"end":{"line":271,"column":5}},"171":{"start":{"line":273,"column":4},"end":{"line":276,"column":5}},"172":{"start":{"line":274,"column":8},"end":{"line":274,"column":24}},"173":{"start":{"line":275,"column":8},"end":{"line":275,"column":15}},"174":{"start":{"line":278,"column":4},"end":{"line":290,"column":7}},"175":{"start":{"line":279,"column":8},"end":{"line":288,"column":9}},"176":{"start":{"line":280,"column":26},"end":{"line":280,"column":69}},"177":{"start":{"line":281,"column":12},"end":{"line":285,"column":13}},"178":{"start":{"line":282,"column":16},"end":{"line":282,"column":45}},"179":{"start":{"line":284,"column":16},"end":{"line":284,"column":53}},"180":{"start":{"line":287,"column":12},"end":{"line":287,"column":39}},"181":{"start":{"line":289,"column":8},"end":{"line":289,"column":24}},"182":{"start":{"line":296,"column":25},"end":{"line":296,"column":60}},"183":{"start":{"line":297,"column":17},"end":{"line":297,"column":44}},"184":{"start":{"line":299,"column":0},"end":{"line":386,"column":3}},"185":{"start":{"line":300,"column":20},"end":{"line":300,"column":52}},"186":{"start":{"line":303,"column":21},"end":{"line":303,"column":28}},"187":{"start":{"line":304,"column":4},"end":{"line":304,"column":50}},"188":{"start":{"line":304,"column":26},"end":{"line":304,"column":50}},"189":{"start":{"line":305,"column":4},"end":{"line":305,"column":60}},"190":{"start":{"line":305,"column":38},"end":{"line":305,"column":60}},"191":{"start":{"line":307,"column":4},"end":{"line":385,"column":5}},"192":{"start":{"line":317,"column":8},"end":{"line":323,"column":9}},"193":{"start":{"line":319,"column":30},"end":{"line":319,"column":78}},"194":{"start":{"line":319,"column":58},"end":{"line":319,"column":77}},"195":{"start":{"line":325,"column":24},"end":{"line":325,"column":52}},"196":{"start":{"line":327,"column":8},"end":{"line":329,"column":9}},"197":{"start":{"line":328,"column":12},"end":{"line":328,"column":42}},"198":{"start":{"line":331,"column":22},"end":{"line":331,"column":44}},"199":{"start":{"line":334,"column":27},"end":{"line":341,"column":9}},"200":{"start":{"line":335,"column":26},"end":{"line":335,"column":58}},"201":{"start":{"line":336,"column":12},"end":{"line":336,"column":56}},"202":{"start":{"line":336,"column":41},"end":{"line":336,"column":56}},"203":{"start":{"line":337,"column":12},"end":{"line":337,"column":56}},"204":{"start":{"line":337,"column":41},"end":{"line":337,"column":56}},"205":{"start":{"line":338,"column":12},"end":{"line":338,"column":54}},"206":{"start":{"line":338,"column":40},"end":{"line":338,"column":54}},"207":{"start":{"line":339,"column":12},"end":{"line":339,"column":56}},"208":{"start":{"line":339,"column":41},"end":{"line":339,"column":56}},"209":{"start":{"line":340,"column":12},"end":{"line":340,"column":26}},"210":{"start":{"line":343,"column":21},"end":{"line":378,"column":22}},"211":{"start":{"line":344,"column":12},"end":{"line":375,"column":13}},"212":{"start":{"line":346,"column":16},"end":{"line":354,"column":17}},"213":{"start":{"line":347,"column":35},"end":{"line":347,"column":51}},"214":{"start":{"line":348,"column":20},"end":{"line":352,"column":21}},"215":{"start":{"line":350,"column":24},"end":{"line":350,"column":87}},"216":{"start":{"line":350,"column":59},"end":{"line":350,"column":87}},"217":{"start":{"line":351,"column":24},"end":{"line":351,"column":87}},"218":{"start":{"line":351,"column":59},"end":{"line":351,"column":87}},"219":{"start":{"line":353,"column":20},"end":{"line":353,"column":34}},"220":{"start":{"line":357,"column":16},"end":{"line":357,"column":46}},"221":{"start":{"line":357,"column":34},"end":{"line":357,"column":46}},"222":{"start":{"line":359,"column":16},"end":{"line":366,"column":18}},"223":{"start":{"line":368,"column":16},"end":{"line":374,"column":18}},"224":{"start":{"line":380,"column":8},"end":{"line":380,"column":27}},"225":{"start":{"line":383,"column":8},"end":{"line":383,"column":43}},"226":{"start":{"line":384,"column":8},"end":{"line":384,"column":51}},"227":{"start":{"line":389,"column":0},"end":{"line":425,"column":3}},"228":{"start":{"line":390,"column":4},"end":{"line":424,"column":5}},"229":{"start":{"line":391,"column":39},"end":{"line":391,"column":47}},"230":{"start":{"line":393,"column":21},"end":{"line":393,"column":33}},"231":{"start":{"line":394,"column":8},"end":{"line":394,"column":69}},"232":{"start":{"line":394,"column":37},"end":{"line":394,"column":69}},"233":{"start":{"line":395,"column":8},"end":{"line":395,"column":63}},"234":{"start":{"line":395,"column":34},"end":{"line":395,"column":63}},"235":{"start":{"line":398,"column":25},"end":{"line":398,"column":90}},"236":{"start":{"line":399,"column":22},"end":{"line":399,"column":44}},"237":{"start":{"line":400,"column":20},"end":{"line":400,"column":25}},"238":{"start":{"line":401,"column":25},"end":{"line":407,"column":10}},"239":{"start":{"line":402,"column":12},"end":{"line":405,"column":13}},"240":{"start":{"line":403,"column":16},"end":{"line":403,"column":29}},"241":{"start":{"line":404,"column":16},"end":{"line":404,"column":48}},"242":{"start":{"line":406,"column":12},"end":{"line":406,"column":24}},"243":{"start":{"line":408,"column":8},"end":{"line":408,"column":60}},"244":{"start":{"line":408,"column":20},"end":{"line":408,"column":60}},"245":{"start":{"line":410,"column":8},"end":{"line":410,"column":56}},"246":{"start":{"line":412,"column":8},"end":{"line":414,"column":9}},"247":{"start":{"line":413,"column":12},"end":{"line":413,"column":56}},"248":{"start":{"line":417,"column":8},"end":{"line":419,"column":9}},"249":{"start":{"line":418,"column":12},"end":{"line":418,"column":120}},"250":{"start":{"line":421,"column":8},"end":{"line":421,"column":36}},"251":{"start":{"line":423,"column":8},"end":{"line":423,"column":51}},"252":{"start":{"line":430,"column":21},"end":{"line":430,"column":77}},"253":{"start":{"line":431,"column":27},"end":{"line":431,"column":77}},"254":{"start":{"line":433,"column":0},"end":{"line":444,"column":3}},"255":{"start":{"line":434,"column":4},"end":{"line":443,"column":5}},"256":{"start":{"line":435,"column":8},"end":{"line":440,"column":9}},"257":{"start":{"line":436,"column":28},"end":{"line":436,"column":78}},"258":{"start":{"line":437,"column":12},"end":{"line":437,"column":34}},"259":{"start":{"line":439,"column":12},"end":{"line":439,"column":38}},"260":{"start":{"line":442,"column":8},"end":{"line":442,"column":34}},"261":{"start":{"line":446,"column":0},"end":{"line":456,"column":3}},"262":{"start":{"line":447,"column":4},"end":{"line":455,"column":5}},"263":{"start":{"line":448,"column":28},"end":{"line":448,"column":36}},"264":{"start":{"line":449,"column":8},"end":{"line":449,"column":73}},"265":{"start":{"line":452,"column":8},"end":{"line":452,"column":36}},"266":{"start":{"line":454,"column":8},"end":{"line":454,"column":51}},"267":{"start":{"line":462,"column":21},"end":{"line":462,"column":96}},"268":{"start":{"line":463,"column":0},"end":{"line":463,"column":54}},"269":{"start":{"line":465,"column":0},"end":{"line":465,"column":38}},"270":{"start":{"line":467,"column":0},"end":{"line":474,"column":3}},"271":{"start":{"line":468,"column":22},"end":{"line":468,"column":59}},"272":{"start":{"line":469,"column":4},"end":{"line":473,"column":5}},"273":{"start":{"line":470,"column":8},"end":{"line":470,"column":32}},"274":{"start":{"line":472,"column":8},"end":{"line":472,"column":68}},"275":{"start":{"line":476,"column":15},"end":{"line":476,"column":37}},"276":{"start":{"line":479,"column":0},"end":{"line":479,"column":26}},"277":{"start":{"line":481,"column":0},"end":{"line":484,"column":3}},"278":{"start":{"line":482,"column":4},"end":{"line":482,"column":70}},"279":{"start":{"line":483,"column":4},"end":{"line":483,"column":70}},"280":{"start":{"line":487,"column":17},"end":{"line":498,"column":1}},"281":{"start":{"line":488,"column":4},"end":{"line":488,"column":59}},"282":{"start":{"line":489,"column":4},"end":{"line":492,"column":7}},"283":{"start":{"line":490,"column":8},"end":{"line":490,"column":42}},"284":{"start":{"line":491,"column":8},"end":{"line":491,"column":24}},"285":{"start":{"line":494,"column":4},"end":{"line":497,"column":13}},"286":{"start":{"line":495,"column":8},"end":{"line":495,"column":86}},"287":{"start":{"line":496,"column":8},"end":{"line":496,"column":24}},"288":{"start":{"line":500,"column":0},"end":{"line":500,"column":49}},"289":{"start":{"line":500,"column":28},"end":{"line":500,"column":47}},"290":{"start":{"line":501,"column":0},"end":{"line":501,"column":47}},"291":{"start":{"line":501,"column":27},"end":{"line":501,"column":45}}},"fnMap":{"0":{"name":"(anonymous_0)","decl":{"start":{"line":20,"column":32},"end":{"line":20,"column":33}},"loc":{"start":{"line":20,"column":41},"end":{"line":23,"column":1}},"line":20},"1":{"name":"(anonymous_1)","decl":{"start":{"line":32,"column":8},"end":{"line":32,"column":9}},"loc":{"start":{"line":32,"column":28},"end":{"line":35,"column":1}},"line":32},"2":{"name":"(anonymous_2)","decl":{"start":{"line":53,"column":21},"end":{"line":53,"column":22}},"loc":{"start":{"line":53,"column":35},"end":{"line":53,"column":61}},"line":53},"3":{"name":"parseEnv","decl":{"start":{"line":55,"column":9},"end":{"line":55,"column":17}},"loc":{"start":{"line":55,"column":27},"end":{"line":62,"column":1}},"line":55},"4":{"name":"(anonymous_4)","decl":{"start":{"line":57,"column":32},"end":{"line":57,"column":33}},"loc":{"start":{"line":57,"column":40},"end":{"line":60,"column":5}},"line":57},"5":{"name":"(anonymous_5)","decl":{"start":{"line":64,"column":23},"end":{"line":64,"column":24}},"loc":{"start":{"line":64,"column":37},"end":{"line":82,"column":1}},"line":64},"6":{"name":"(anonymous_6)","decl":{"start":{"line":84,"column":24},"end":{"line":84,"column":25}},"loc":{"start":{"line":84,"column":38},"end":{"line":132,"column":1}},"line":84},"7":{"name":"(anonymous_7)","decl":{"start":{"line":95,"column":55},"end":{"line":95,"column":56}},"loc":{"start":{"line":95,"column":60},"end":{"line":95,"column":65}},"line":95},"8":{"name":"(anonymous_8)","decl":{"start":{"line":96,"column":54},"end":{"line":96,"column":55}},"loc":{"start":{"line":96,"column":59},"end":{"line":104,"column":13}},"line":96},"9":{"name":"(anonymous_9)","decl":{"start":{"line":115,"column":57},"end":{"line":115,"column":58}},"loc":{"start":{"line":115,"column":69},"end":{"line":115,"column":80}},"line":115},"10":{"name":"(anonymous_10)","decl":{"start":{"line":121,"column":120},"end":{"line":121,"column":121}},"loc":{"start":{"line":121,"column":129},"end":{"line":124,"column":13}},"line":121},"11":{"name":"(anonymous_11)","decl":{"start":{"line":148,"column":25},"end":{"line":148,"column":26}},"loc":{"start":{"line":148,"column":39},"end":{"line":216,"column":1}},"line":148},"12":{"name":"(anonymous_12)","decl":{"start":{"line":167,"column":19},"end":{"line":167,"column":20}},"loc":{"start":{"line":167,"column":35},"end":{"line":178,"column":5}},"line":167},"13":{"name":"(anonymous_13)","decl":{"start":{"line":171,"column":33},"end":{"line":171,"column":34}},"loc":{"start":{"line":171,"column":44},"end":{"line":176,"column":13}},"line":171},"14":{"name":"(anonymous_14)","decl":{"start":{"line":180,"column":17},"end":{"line":180,"column":18}},"loc":{"start":{"line":180,"column":24},"end":{"line":215,"column":5}},"line":180},"15":{"name":"(anonymous_15)","decl":{"start":{"line":181,"column":48},"end":{"line":181,"column":49}},"loc":{"start":{"line":181,"column":65},"end":{"line":214,"column":9}},"line":181},"16":{"name":"(anonymous_16)","decl":{"start":{"line":202,"column":71},"end":{"line":202,"column":72}},"loc":{"start":{"line":202,"column":85},"end":{"line":207,"column":21}},"line":202},"17":{"name":"(anonymous_17)","decl":{"start":{"line":218,"column":31},"end":{"line":218,"column":32}},"loc":{"start":{"line":218,"column":45},"end":{"line":238,"column":1}},"line":218},"18":{"name":"(anonymous_18)","decl":{"start":{"line":227,"column":39},"end":{"line":227,"column":40}},"loc":{"start":{"line":227,"column":64},"end":{"line":237,"column":5}},"line":227},"19":{"name":"(anonymous_19)","decl":{"start":{"line":240,"column":30},"end":{"line":240,"column":31}},"loc":{"start":{"line":240,"column":44},"end":{"line":259,"column":1}},"line":240},"20":{"name":"(anonymous_20)","decl":{"start":{"line":248,"column":38},"end":{"line":248,"column":39}},"loc":{"start":{"line":248,"column":63},"end":{"line":258,"column":5}},"line":248},"21":{"name":"decodeError","decl":{"start":{"line":261,"column":9},"end":{"line":261,"column":20}},"loc":{"start":{"line":261,"column":26},"end":{"line":263,"column":1}},"line":261},"22":{"name":"fetchPorts","decl":{"start":{"line":265,"column":9},"end":{"line":265,"column":19}},"loc":{"start":{"line":265,"column":40},"end":{"line":291,"column":1}},"line":265},"23":{"name":"(anonymous_23)","decl":{"start":{"line":278,"column":109},"end":{"line":278,"column":110}},"loc":{"start":{"line":278,"column":126},"end":{"line":290,"column":5}},"line":278},"24":{"name":"(anonymous_24)","decl":{"start":{"line":299,"column":21},"end":{"line":299,"column":22}},"loc":{"start":{"line":299,"column":35},"end":{"line":386,"column":1}},"line":299},"25":{"name":"(anonymous_25)","decl":{"start":{"line":319,"column":53},"end":{"line":319,"column":54}},"loc":{"start":{"line":319,"column":58},"end":{"line":319,"column":77}},"line":319},"26":{"name":"(anonymous_26)","decl":{"start":{"line":334,"column":27},"end":{"line":334,"column":28}},"loc":{"start":{"line":334,"column":37},"end":{"line":341,"column":9}},"line":334},"27":{"name":"(anonymous_27)","decl":{"start":{"line":343,"column":31},"end":{"line":343,"column":32}},"loc":{"start":{"line":343,"column":39},"end":{"line":376,"column":9}},"line":343},"28":{"name":"(anonymous_28)","decl":{"start":{"line":389,"column":34},"end":{"line":389,"column":35}},"loc":{"start":{"line":389,"column":48},"end":{"line":425,"column":1}},"line":389},"29":{"name":"(anonymous_29)","decl":{"start":{"line":401,"column":35},"end":{"line":401,"column":36}},"loc":{"start":{"line":401,"column":43},"end":{"line":407,"column":9}},"line":401},"30":{"name":"(anonymous_30)","decl":{"start":{"line":433,"column":24},"end":{"line":433,"column":25}},"loc":{"start":{"line":433,"column":38},"end":{"line":444,"column":1}},"line":433},"31":{"name":"(anonymous_31)","decl":{"start":{"line":446,"column":25},"end":{"line":446,"column":26}},"loc":{"start":{"line":446,"column":39},"end":{"line":456,"column":1}},"line":446},"32":{"name":"(anonymous_32)","decl":{"start":{"line":467,"column":14},"end":{"line":467,"column":15}},"loc":{"start":{"line":467,"column":28},"end":{"line":474,"column":1}},"line":467},"33":{"name":"(anonymous_33)","decl":{"start":{"line":481,"column":20},"end":{"line":481,"column":21}},"loc":{"start":{"line":481,"column":26},"end":{"line":484,"column":1}},"line":481},"34":{"name":"(anonymous_34)","decl":{"start":{"line":487,"column":17},"end":{"line":487,"column":18}},"loc":{"start":{"line":487,"column":29},"end":{"line":498,"column":1}},"line":487},"35":{"name":"(anonymous_35)","decl":{"start":{"line":489,"column":17},"end":{"line":489,"column":18}},"loc":{"start":{"line":489,"column":23},"end":{"line":492,"column":5}},"line":489},"36":{"name":"(anonymous_36)","decl":{"start":{"line":494,"column":15},"end":{"line":494,"column":16}},"loc":{"start":{"line":494,"column":21},"end":{"line":497,"column":5}},"line":494},"37":{"name":"(anonymous_37)","decl":{"start":{"line":500,"column":22},"end":{"line":500,"column":23}},"loc":{"start":{"line":500,"column":28},"end":{"line":500,"column":47}},"line":500},"38":{"name":"(anonymous_38)","decl":{"start":{"line":501,"column":21},"end":{"line":501,"column":22}},"loc":{"start":{"line":501,"column":27},"end":{"line":501,"column":45}},"line":501}},"branchMap":{"0":{"loc":{"start":{"line":22,"column":4},"end":{"line":22,"column":72}},"type":"if","locations":[{"start":{"line":22,"column":4},"end":{"line":22,"column":72}},{"start":{},"end":{}}],"line":22},"1":{"loc":{"start":{"line":22,"column":8},"end":{"line":22,"column":30}},"type":"binary-expr","locations":[{"start":{"line":22,"column":8},"end":{"line":22,"column":14}},{"start":{"line":22,"column":18},"end":{"line":22,"column":30}}],"line":22},"2":{"loc":{"start":{"line":26,"column":0},"end":{"line":28,"column":1}},"type":"if","locations":[{"start":{"line":26,"column":0},"end":{"line":28,"column":1}},{"start":{},"end":{}}],"line":26},"3":{"loc":{"start":{"line":33,"column":4},"end":{"line":33,"column":73}},"type":"if","locations":[{"start":{"line":33,"column":4},"end":{"line":33,"column":73}},{"start":{},"end":{}}],"line":33},"4":{"loc":{"start":{"line":37,"column":13},"end":{"line":37,"column":37}},"type":"binary-expr","locations":[{"start":{"line":37,"column":13},"end":{"line":37,"column":29}},{"start":{"line":37,"column":33},"end":{"line":37,"column":37}}],"line":37},"5":{"loc":{"start":{"line":42,"column":17},"end":{"line":42,"column":69}},"type":"cond-expr","locations":[{"start":{"line":42,"column":26},"end":{"line":42,"column":34}},{"start":{"line":42,"column":37},"end":{"line":42,"column":69}}],"line":42},"6":{"loc":{"start":{"line":44,"column":31},"end":{"line":44,"column":60}},"type":"cond-expr","locations":[{"start":{"line":44,"column":40},"end":{"line":44,"column":48}},{"start":{"line":44,"column":51},"end":{"line":44,"column":60}}],"line":44},"7":{"loc":{"start":{"line":59,"column":8},"end":{"line":59,"column":66}},"type":"if","locations":[{"start":{"line":59,"column":8},"end":{"line":59,"column":66}},{"start":{},"end":{}}],"line":59},"8":{"loc":{"start":{"line":59,"column":12},"end":{"line":59,"column":22}},"type":"binary-expr","locations":[{"start":{"line":59,"column":12},"end":{"line":59,"column":15}},{"start":{"line":59,"column":19},"end":{"line":59,"column":22}}],"line":59},"9":{"loc":{"start":{"line":66,"column":8},"end":{"line":66,"column":95}},"type":"if","locations":[{"start":{"line":66,"column":8},"end":{"line":66,"column":95}},{"start":{},"end":{}}],"line":66},"10":{"loc":{"start":{"line":70,"column":8},"end":{"line":76,"column":9}},"type":"if","locations":[{"start":{"line":70,"column":8},"end":{"line":76,"column":9}},{"start":{},"end":{}}],"line":70},"11":{"loc":{"start":{"line":88,"column":8},"end":{"line":88,"column":86}},"type":"if","locations":[{"start":{"line":88,"column":8},"end":{"line":88,"column":86}},{"start":{},"end":{}}],"line":88},"12":{"loc":{"start":{"line":91,"column":25},"end":{"line":91,"column":90}},"type":"cond-expr","locations":[{"start":{"line":91,"column":51},"end":{"line":91,"column":85}},{"start":{"line":91,"column":88},"end":{"line":91,"column":90}}],"line":91},"13":{"loc":{"start":{"line":94,"column":8},"end":{"line":105,"column":9}},"type":"if","locations":[{"start":{"line":94,"column":8},"end":{"line":105,"column":9}},{"start":{},"end":{}}],"line":94},"14":{"loc":{"start":{"line":98,"column":43},"end":{"line":98,"column":92}},"type":"cond-expr","locations":[{"start":{"line":98,"column":67},"end":{"line":98,"column":72}},{"start":{"line":98,"column":75},"end":{"line":98,"column":92}}],"line":98},"15":{"loc":{"start":{"line":106,"column":8},"end":{"line":113,"column":9}},"type":"if","locations":[{"start":{"line":106,"column":8},"end":{"line":113,"column":9}},{"start":{},"end":{}}],"line":106},"16":{"loc":{"start":{"line":107,"column":12},"end":{"line":107,"column":56}},"type":"if","locations":[{"start":{"line":107,"column":12},"end":{"line":107,"column":56}},{"start":{},"end":{}}],"line":107},"17":{"loc":{"start":{"line":108,"column":12},"end":{"line":108,"column":56}},"type":"if","locations":[{"start":{"line":108,"column":12},"end":{"line":108,"column":56}},{"start":{},"end":{}}],"line":108},"18":{"loc":{"start":{"line":109,"column":12},"end":{"line":109,"column":56}},"type":"if","locations":[{"start":{"line":109,"column":12},"end":{"line":109,"column":56}},{"start":{},"end":{}}],"line":109},"19":{"loc":{"start":{"line":110,"column":12},"end":{"line":110,"column":60}},"type":"if","locations":[{"start":{"line":110,"column":12},"end":{"line":110,"column":60}},{"start":{},"end":{}}],"line":110},"20":{"loc":{"start":{"line":111,"column":12},"end":{"line":111,"column":56}},"type":"if","locations":[{"start":{"line":111,"column":12},"end":{"line":111,"column":56}},{"start":{},"end":{}}],"line":111},"21":{"loc":{"start":{"line":112,"column":12},"end":{"line":112,"column":66}},"type":"if","locations":[{"start":{"line":112,"column":12},"end":{"line":112,"column":66}},{"start":{},"end":{}}],"line":112},"22":{"loc":{"start":{"line":119,"column":8},"end":{"line":125,"column":9}},"type":"if","locations":[{"start":{"line":119,"column":8},"end":{"line":125,"column":9}},{"start":{},"end":{}}],"line":119},"23":{"loc":{"start":{"line":122,"column":16},"end":{"line":123,"column":82}},"type":"if","locations":[{"start":{"line":122,"column":16},"end":{"line":123,"column":82}},{"start":{"line":123,"column":21},"end":{"line":123,"column":82}}],"line":122},"24":{"loc":{"start":{"line":150,"column":4},"end":{"line":152,"column":5}},"type":"if","locations":[{"start":{"line":150,"column":4},"end":{"line":152,"column":5}},{"start":{},"end":{}}],"line":150},"25":{"loc":{"start":{"line":150,"column":8},"end":{"line":150,"column":69}},"type":"binary-expr","locations":[{"start":{"line":150,"column":8},"end":{"line":150,"column":25}},{"start":{"line":150,"column":30},"end":{"line":150,"column":68}}],"line":150},"26":{"loc":{"start":{"line":158,"column":4},"end":{"line":158,"column":61}},"type":"if","locations":[{"start":{"line":158,"column":4},"end":{"line":158,"column":61}},{"start":{},"end":{}}],"line":158},"27":{"loc":{"start":{"line":170,"column":8},"end":{"line":177,"column":9}},"type":"if","locations":[{"start":{"line":170,"column":8},"end":{"line":177,"column":9}},{"start":{},"end":{}}],"line":170},"28":{"loc":{"start":{"line":183,"column":35},"end":{"line":183,"column":114}},"type":"binary-expr","locations":[{"start":{"line":183,"column":35},"end":{"line":183,"column":38}},{"start":{"line":183,"column":43},"end":{"line":183,"column":71}},{"start":{"line":183,"column":75},"end":{"line":183,"column":113}}],"line":183},"29":{"loc":{"start":{"line":185,"column":12},"end":{"line":213,"column":13}},"type":"if","locations":[{"start":{"line":185,"column":12},"end":{"line":213,"column":13}},{"start":{"line":196,"column":19},"end":{"line":213,"column":13}}],"line":185},"30":{"loc":{"start":{"line":185,"column":16},"end":{"line":185,"column":30}},"type":"binary-expr","locations":[{"start":{"line":185,"column":16},"end":{"line":185,"column":20}},{"start":{"line":185,"column":24},"end":{"line":185,"column":30}}],"line":185},"31":{"loc":{"start":{"line":186,"column":16},"end":{"line":194,"column":17}},"type":"if","locations":[{"start":{"line":186,"column":16},"end":{"line":194,"column":17}},{"start":{"line":188,"column":23},"end":{"line":194,"column":17}}],"line":186},"32":{"loc":{"start":{"line":188,"column":23},"end":{"line":194,"column":17}},"type":"if","locations":[{"start":{"line":188,"column":23},"end":{"line":194,"column":17}},{"start":{"line":190,"column":23},"end":{"line":194,"column":17}}],"line":188},"33":{"loc":{"start":{"line":188,"column":27},"end":{"line":188,"column":88}},"type":"binary-expr","locations":[{"start":{"line":188,"column":27},"end":{"line":188,"column":53}},{"start":{"line":188,"column":57},"end":{"line":188,"column":88}}],"line":188},"34":{"loc":{"start":{"line":190,"column":23},"end":{"line":194,"column":17}},"type":"if","locations":[{"start":{"line":190,"column":23},"end":{"line":194,"column":17}},{"start":{"line":192,"column":23},"end":{"line":194,"column":17}}],"line":190},"35":{"loc":{"start":{"line":192,"column":23},"end":{"line":194,"column":17}},"type":"if","locations":[{"start":{"line":192,"column":23},"end":{"line":194,"column":17}},{"start":{},"end":{}}],"line":192},"36":{"loc":{"start":{"line":196,"column":19},"end":{"line":213,"column":13}},"type":"if","locations":[{"start":{"line":196,"column":19},"end":{"line":213,"column":13}},{"start":{"line":211,"column":19},"end":{"line":213,"column":13}}],"line":196},"37":{"loc":{"start":{"line":198,"column":16},"end":{"line":210,"column":17}},"type":"if","locations":[{"start":{"line":198,"column":16},"end":{"line":210,"column":17}},{"start":{"line":208,"column":23},"end":{"line":210,"column":17}}],"line":198},"38":{"loc":{"start":{"line":200,"column":20},"end":{"line":200,"column":66}},"type":"if","locations":[{"start":{"line":200,"column":20},"end":{"line":200,"column":66}},{"start":{},"end":{}}],"line":200},"39":{"loc":{"start":{"line":203,"column":24},"end":{"line":205,"column":25}},"type":"if","locations":[{"start":{"line":203,"column":24},"end":{"line":205,"column":25}},{"start":{},"end":{}}],"line":203},"40":{"loc":{"start":{"line":203,"column":28},"end":{"line":203,"column":126}},"type":"binary-expr","locations":[{"start":{"line":203,"column":28},"end":{"line":203,"column":31}},{"start":{"line":203,"column":35},"end":{"line":203,"column":39}},{"start":{"line":203,"column":43},"end":{"line":203,"column":96}},{"start":{"line":203,"column":100},"end":{"line":203,"column":126}}],"line":203},"41":{"loc":{"start":{"line":222,"column":4},"end":{"line":224,"column":5}},"type":"if","locations":[{"start":{"line":222,"column":4},"end":{"line":224,"column":5}},{"start":{},"end":{}}],"line":222},"42":{"loc":{"start":{"line":228,"column":8},"end":{"line":235,"column":9}},"type":"if","locations":[{"start":{"line":228,"column":8},"end":{"line":235,"column":9}},{"start":{},"end":{}}],"line":228},"43":{"loc":{"start":{"line":230,"column":12},"end":{"line":232,"column":13}},"type":"if","locations":[{"start":{"line":230,"column":12},"end":{"line":232,"column":13}},{"start":{},"end":{}}],"line":230},"44":{"loc":{"start":{"line":230,"column":16},"end":{"line":230,"column":94}},"type":"binary-expr","locations":[{"start":{"line":230,"column":16},"end":{"line":230,"column":44}},{"start":{"line":230,"column":49},"end":{"line":230,"column":55}},{"start":{"line":230,"column":59},"end":{"line":230,"column":93}}],"line":230},"45":{"loc":{"start":{"line":244,"column":4},"end":{"line":246,"column":5}},"type":"if","locations":[{"start":{"line":244,"column":4},"end":{"line":246,"column":5}},{"start":{},"end":{}}],"line":244},"46":{"loc":{"start":{"line":249,"column":8},"end":{"line":256,"column":9}},"type":"if","locations":[{"start":{"line":249,"column":8},"end":{"line":256,"column":9}},{"start":{},"end":{}}],"line":249},"47":{"loc":{"start":{"line":251,"column":12},"end":{"line":253,"column":13}},"type":"if","locations":[{"start":{"line":251,"column":12},"end":{"line":253,"column":13}},{"start":{},"end":{}}],"line":251},"48":{"loc":{"start":{"line":251,"column":16},"end":{"line":251,"column":90}},"type":"binary-expr","locations":[{"start":{"line":251,"column":16},"end":{"line":251,"column":44}},{"start":{"line":251,"column":49},"end":{"line":251,"column":55}},{"start":{"line":251,"column":59},"end":{"line":251,"column":89}}],"line":251},"49":{"loc":{"start":{"line":268,"column":14},"end":{"line":268,"column":43}},"type":"binary-expr","locations":[{"start":{"line":268,"column":14},"end":{"line":268,"column":33}},{"start":{"line":268,"column":37},"end":{"line":268,"column":43}}],"line":268},"50":{"loc":{"start":{"line":273,"column":4},"end":{"line":276,"column":5}},"type":"if","locations":[{"start":{"line":273,"column":4},"end":{"line":276,"column":5}},{"start":{},"end":{}}],"line":273},"51":{"loc":{"start":{"line":279,"column":8},"end":{"line":288,"column":9}},"type":"if","locations":[{"start":{"line":279,"column":8},"end":{"line":288,"column":9}},{"start":{"line":286,"column":15},"end":{"line":288,"column":9}}],"line":279},"52":{"loc":{"start":{"line":279,"column":12},"end":{"line":279,"column":26}},"type":"binary-expr","locations":[{"start":{"line":279,"column":12},"end":{"line":279,"column":16}},{"start":{"line":279,"column":20},"end":{"line":279,"column":26}}],"line":279},"53":{"loc":{"start":{"line":281,"column":12},"end":{"line":285,"column":13}},"type":"if","locations":[{"start":{"line":281,"column":12},"end":{"line":285,"column":13}},{"start":{"line":283,"column":19},"end":{"line":285,"column":13}}],"line":281},"54":{"loc":{"start":{"line":281,"column":16},"end":{"line":281,"column":33}},"type":"binary-expr","locations":[{"start":{"line":281,"column":16},"end":{"line":281,"column":21}},{"start":{"line":281,"column":25},"end":{"line":281,"column":33}}],"line":281},"55":{"loc":{"start":{"line":300,"column":20},"end":{"line":300,"column":52}},"type":"binary-expr","locations":[{"start":{"line":300,"column":20},"end":{"line":300,"column":37}},{"start":{"line":300,"column":41},"end":{"line":300,"column":52}}],"line":300},"56":{"loc":{"start":{"line":304,"column":4},"end":{"line":304,"column":50}},"type":"if","locations":[{"start":{"line":304,"column":4},"end":{"line":304,"column":50}},{"start":{},"end":{}}],"line":304},"57":{"loc":{"start":{"line":305,"column":4},"end":{"line":305,"column":60}},"type":"if","locations":[{"start":{"line":305,"column":4},"end":{"line":305,"column":60}},{"start":{},"end":{}}],"line":305},"58":{"loc":{"start":{"line":317,"column":8},"end":{"line":323,"column":9}},"type":"if","locations":[{"start":{"line":317,"column":8},"end":{"line":323,"column":9}},{"start":{},"end":{}}],"line":317},"59":{"loc":{"start":{"line":317,"column":12},"end":{"line":317,"column":64}},"type":"binary-expr","locations":[{"start":{"line":317,"column":12},"end":{"line":317,"column":32}},{"start":{"line":317,"column":36},"end":{"line":317,"column":64}}],"line":317},"60":{"loc":{"start":{"line":327,"column":8},"end":{"line":329,"column":9}},"type":"if","locations":[{"start":{"line":327,"column":8},"end":{"line":329,"column":9}},{"start":{},"end":{}}],"line":327},"61":{"loc":{"start":{"line":335,"column":33},"end":{"line":335,"column":43}},"type":"binary-expr","locations":[{"start":{"line":335,"column":33},"end":{"line":335,"column":37}},{"start":{"line":335,"column":41},"end":{"line":335,"column":43}}],"line":335},"62":{"loc":{"start":{"line":336,"column":12},"end":{"line":336,"column":56}},"type":"if","locations":[{"start":{"line":336,"column":12},"end":{"line":336,"column":56}},{"start":{},"end":{}}],"line":336},"63":{"loc":{"start":{"line":337,"column":12},"end":{"line":337,"column":56}},"type":"if","locations":[{"start":{"line":337,"column":12},"end":{"line":337,"column":56}},{"start":{},"end":{}}],"line":337},"64":{"loc":{"start":{"line":338,"column":12},"end":{"line":338,"column":54}},"type":"if","locations":[{"start":{"line":338,"column":12},"end":{"line":338,"column":54}},{"start":{},"end":{}}],"line":338},"65":{"loc":{"start":{"line":339,"column":12},"end":{"line":339,"column":56}},"type":"if","locations":[{"start":{"line":339,"column":12},"end":{"line":339,"column":56}},{"start":{},"end":{}}],"line":339},"66":{"loc":{"start":{"line":346,"column":16},"end":{"line":354,"column":17}},"type":"if","locations":[{"start":{"line":346,"column":16},"end":{"line":354,"column":17}},{"start":{},"end":{}}],"line":346},"67":{"loc":{"start":{"line":348,"column":20},"end":{"line":352,"column":21}},"type":"if","locations":[{"start":{"line":348,"column":20},"end":{"line":352,"column":21}},{"start":{},"end":{}}],"line":348},"68":{"loc":{"start":{"line":348,"column":24},"end":{"line":348,"column":60}},"type":"binary-expr","locations":[{"start":{"line":348,"column":24},"end":{"line":348,"column":30}},{"start":{"line":348,"column":34},"end":{"line":348,"column":60}}],"line":348},"69":{"loc":{"start":{"line":350,"column":24},"end":{"line":350,"column":87}},"type":"if","locations":[{"start":{"line":350,"column":24},"end":{"line":350,"column":87}},{"start":{},"end":{}}],"line":350},"70":{"loc":{"start":{"line":350,"column":28},"end":{"line":350,"column":57}},"type":"binary-expr","locations":[{"start":{"line":350,"column":28},"end":{"line":350,"column":38}},{"start":{"line":350,"column":42},"end":{"line":350,"column":57}}],"line":350},"71":{"loc":{"start":{"line":351,"column":24},"end":{"line":351,"column":87}},"type":"if","locations":[{"start":{"line":351,"column":24},"end":{"line":351,"column":87}},{"start":{},"end":{}}],"line":351},"72":{"loc":{"start":{"line":351,"column":28},"end":{"line":351,"column":57}},"type":"binary-expr","locations":[{"start":{"line":351,"column":28},"end":{"line":351,"column":42}},{"start":{"line":351,"column":46},"end":{"line":351,"column":57}}],"line":351},"73":{"loc":{"start":{"line":357,"column":16},"end":{"line":357,"column":46}},"type":"if","locations":[{"start":{"line":357,"column":16},"end":{"line":357,"column":46}},{"start":{},"end":{}}],"line":357},"74":{"loc":{"start":{"line":394,"column":8},"end":{"line":394,"column":69}},"type":"if","locations":[{"start":{"line":394,"column":8},"end":{"line":394,"column":69}},{"start":{},"end":{}}],"line":394},"75":{"loc":{"start":{"line":395,"column":8},"end":{"line":395,"column":63}},"type":"if","locations":[{"start":{"line":395,"column":8},"end":{"line":395,"column":63}},{"start":{},"end":{}}],"line":395},"76":{"loc":{"start":{"line":398,"column":25},"end":{"line":398,"column":90}},"type":"cond-expr","locations":[{"start":{"line":398,"column":51},"end":{"line":398,"column":85}},{"start":{"line":398,"column":88},"end":{"line":398,"column":90}}],"line":398},"77":{"loc":{"start":{"line":402,"column":12},"end":{"line":405,"column":13}},"type":"if","locations":[{"start":{"line":402,"column":12},"end":{"line":405,"column":13}},{"start":{},"end":{}}],"line":402},"78":{"loc":{"start":{"line":408,"column":8},"end":{"line":408,"column":60}},"type":"if","locations":[{"start":{"line":408,"column":8},"end":{"line":408,"column":60}},{"start":{},"end":{}}],"line":408},"79":{"loc":{"start":{"line":412,"column":8},"end":{"line":414,"column":9}},"type":"if","locations":[{"start":{"line":412,"column":8},"end":{"line":414,"column":9}},{"start":{},"end":{}}],"line":412},"80":{"loc":{"start":{"line":412,"column":12},"end":{"line":412,"column":44}},"type":"binary-expr","locations":[{"start":{"line":412,"column":12},"end":{"line":412,"column":32}},{"start":{"line":412,"column":36},"end":{"line":412,"column":44}}],"line":412},"81":{"loc":{"start":{"line":413,"column":27},"end":{"line":413,"column":55}},"type":"cond-expr","locations":[{"start":{"line":413,"column":39},"end":{"line":413,"column":46}},{"start":{"line":413,"column":49},"end":{"line":413,"column":55}}],"line":413},"82":{"loc":{"start":{"line":417,"column":8},"end":{"line":419,"column":9}},"type":"if","locations":[{"start":{"line":417,"column":8},"end":{"line":419,"column":9}},{"start":{},"end":{}}],"line":417},"83":{"loc":{"start":{"line":417,"column":12},"end":{"line":417,"column":47}},"type":"binary-expr","locations":[{"start":{"line":417,"column":12},"end":{"line":417,"column":35}},{"start":{"line":417,"column":39},"end":{"line":417,"column":47}}],"line":417},"84":{"loc":{"start":{"line":430,"column":31},"end":{"line":430,"column":60}},"type":"cond-expr","locations":[{"start":{"line":430,"column":40},"end":{"line":430,"column":48}},{"start":{"line":430,"column":51},"end":{"line":430,"column":60}}],"line":430},"85":{"loc":{"start":{"line":434,"column":4},"end":{"line":443,"column":5}},"type":"if","locations":[{"start":{"line":434,"column":4},"end":{"line":443,"column":5}},{"start":{"line":441,"column":11},"end":{"line":443,"column":5}}],"line":434},"86":{"loc":{"start":{"line":462,"column":31},"end":{"line":462,"column":77}},"type":"cond-expr","locations":[{"start":{"line":462,"column":40},"end":{"line":462,"column":48}},{"start":{"line":462,"column":51},"end":{"line":462,"column":77}}],"line":462},"87":{"loc":{"start":{"line":469,"column":4},"end":{"line":473,"column":5}},"type":"if","locations":[{"start":{"line":469,"column":4},"end":{"line":473,"column":5}},{"start":{"line":471,"column":11},"end":{"line":473,"column":5}}],"line":469}},"s":{"0":0,"1":0,"2":0,"3":0,"4":0,"5":0,"6":0,"7":0,"8":0,"9":0,"10":0,"11":0,"12":0,"13":0,"14":0,"15":0,"16":0,"17":0,"18":0,"19":0,"20":0,"21":0,"22":0,"23":0,"24":0,"25":0,"26":0,"27":0,"28":0,"29":0,"30":0,"31":0,"32":0,"33":0,"34":0,"35":0,"36":0,"37":0,"38":0,"39":0,"40":0,"41":0,"42":0,"43":0,"44":0,"45":0,"46":0,"47":0,"48":0,"49":0,"50":0,"51":0,"52":0,"53":0,"54":0,"55":0,"56":0,"57":0,"58":0,"59":0,"60":0,"61":0,"62":0,"63":0,"64":0,"65":0,"66":0,"67":0,"68":0,"69":0,"70":0,"71":0,"72":0,"73":0,"74":0,"75":0,"76":0,"77":0,"78":0,"79":0,"80":0,"81":0,"82":0,"83":0,"84":0,"85":0,"86":0,"87":0,"88":0,"89":0,"90":0,"91":0,"92":0,"93":0,"94":0,"95":0,"96":0,"97":0,"98":0,"99":0,"100":0,"101":0,"102":0,"103":0,"104":0,"105":0,"106":0,"107":0,"108":0,"109":0,"110":0,"111":0,"112":0,"113":0,"114":0,"115":0,"116":0,"117":0,"118":0,"119":0,"120":0,"121":0,"122":0,"123":0,"124":0,"125":0,"126":0,"127":0,"128":0,"129":0,"130":0,"131":0,"132":0,"133":0,"134":0,"135":0,"136":0,"137":0,"138":0,"139":0,"140":0,"141":0,"142":0,"143":0,"144":0,"145":0,"146":0,"147":0,"148":0,"149":0,"150":0,"151":0,"152":0,"153":0,"154":0,"155":0,"156":0,"157":0,"158":0,"159":0,"160":0,"161":0,"162":0,"163":0,"164":0,"165":0,"166":0,"167":0,"168":0,"169":0,"170":0,"171":0,"172":0,"173":0,"174":0,"175":0,"176":0,"177":0,"178":0,"179":0,"180":0,"181":0,"182":0,"183":0,"184":0,"185":0,"186":0,"187":0,"188":0,"189":0,"190":0,"191":0,"192":0,"193":0,"194":0,"195":0,"196":0,"197":0,"198":0,"199":0,"200":0,"201":0,"202":0,"203":0,"204":0,"205":0,"206":0,"207":0,"208":0,"209":0,"210":0,"211":0,"212":0,"213":0,"214":0,"215":0,"216":0,"217":0,"218":0,"219":0,"220":0,"221":0,"222":0,"223":0,"224":0,"225":0,"226":0,"227":0,"228":0,"229":0,"230":0,"231":0,"232":0,"233":0,"234":0,"235":0,"236":0,"237":0,"238":0,"239":0,"240":0,"241":0,"242":0,"243":0,"244":0,"245":0,"246":0,"247":0,"248":0,"249":0,"250":0,"251":0,"252":0,"253":0,"254":0,"255":0,"256":0,"257":0,"258":0,"259":0,"260":0,"261":0,"262":0,"263":0,"264":0,"265":0,"266":0,"267":0,"268":0,"269":0,"270":0,"271":0,"272":0,"273":0,"274":0,"275":0,"276":0,"277":0,"278":0,"279":0,"280":0,"281":0,"282":0,"283":0,"284":0,"285":0,"286":0,"287":0,"288":0,"289":0,"290":0,"291":0},"f":{"0":0,"1":0,"2":0,"3":0,"4":0,"5":0,"6":0,"7":0,"8":0,"9":0,"10":0,"11":0,"12":0,"13":0,"14":0,"15":0,"16":0,"17":0,"18":0,"19":0,"20":0,"21":0,"22":0,"23":0,"24":0,"25":0,"26":0,"27":0,"28":0,"29":0,"30":0,"31":0,"32":0,"33":0,"34":0,"35":0,"36":0,"37":0,"38":0},"b":{"0":[0,0],"1":[0,0],"2":[0,0],"3":[0,0],"4":[0,0],"5":[0,0],"6":[0,0],"7":[0,0],"8":[0,0],"9":[0,0],"10":[0,0],"11":[0,0],"12":[0,0],"13":[0,0],"14":[0,0],"15":[0,0],"16":[0,0],"17":[0,0],"18":[0,0],"19":[0,0],"20":[0,0],"21":[0,0],"22":[0,0],"23":[0,0],"24":[0,0],"25":[0,0],"26":[0,0],"27":[0,0],"28":[0,0,0],"29":[0,0],"30":[0,0],"31":[0,0],"32":[0,0],"33":[0,0],"34":[0,0],"35":[0,0],"36":[0,0],"37":[0,0],"38":[0,0],"39":[0,0],"40":[0,0,0,0],"41":[0,0],"42":[0,0],"43":[0,0],"44":[0,0,0],"45":[0,0],"46":[0,0],"47":[0,0],"48":[0,0,0],"49":[0,0],"50":[0,0],"51":[0,0],"52":[0,0],"53":[0,0],"54":[0,0],"55":[0,0],"56":[0,0],"57":[0,0],"58":[0,0],"59":[0,0],"60":[0,0],"61":[0,0],"62":[0,0],"63":[0,0],"64":[0,0],"65":[0,0],"66":[0,0],"67":[0,0],"68":[0,0],"69":[0,0],"70":[0,0],"71":[0,0],"72":[0,0],"73":[0,0],"74":[0,0],"75":[0,0],"76":[0,0],"77":[0,0],"78":[0,0],"79":[0,0],"80":[0,0],"81":[0,0],"82":[0,0],"83":[0,0],"84":[0,0],"85":[0,0],"86":[0,0],"87":[0,0]}}
,"C:\\Users\\mevis\\MQTT-Ingetsion\\config-ui\\server\\list_tables.js": {"path":"C:\\Users\\mevis\\MQTT-Ingetsion\\config-ui\\server\\list_tables.js","statementMap":{"0":{"start":{"line":1,"column":11},"end":{"line":1,"column":24}},"1":{"start":{"line":2,"column":13},"end":{"line":2,"column":28}},"2":{"start":{"line":5,"column":0},"end":{"line":5,"column":77}},"3":{"start":{"line":6,"column":17},"end":{"line":6,"column":30}},"4":{"start":{"line":9,"column":4},"end":{"line":39,"column":5}},"5":{"start":{"line":10,"column":8},"end":{"line":14,"column":11}},"6":{"start":{"line":16,"column":21},"end":{"line":22,"column":10}},"7":{"start":{"line":24,"column":20},"end":{"line":29,"column":10}},"8":{"start":{"line":31,"column":8},"end":{"line":31,"column":54}},"9":{"start":{"line":32,"column":8},"end":{"line":34,"column":11}},"10":{"start":{"line":33,"column":12},"end":{"line":33,"column":47}},"11":{"start":{"line":36,"column":8},"end":{"line":36,"column":25}},"12":{"start":{"line":38,"column":8},"end":{"line":38,"column":37}},"13":{"start":{"line":42,"column":0},"end":{"line":42,"column":13}}},"fnMap":{"0":{"name":"listTables","decl":{"start":{"line":8,"column":15},"end":{"line":8,"column":25}},"loc":{"start":{"line":8,"column":28},"end":{"line":40,"column":1}},"line":8},"1":{"name":"(anonymous_1)","decl":{"start":{"line":32,"column":25},"end":{"line":32,"column":26}},"loc":{"start":{"line":32,"column":32},"end":{"line":34,"column":9}},"line":32}},"branchMap":{},"s":{"0":0,"1":0,"2":0,"3":0,"4":0,"5":0,"6":0,"7":0,"8":0,"9":0,"10":0,"11":0,"12":0,"13":0},"f":{"0":0,"1":0},"b":{}}
,"C:\\Users\\mevis\\MQTT-Ingetsion\\config-ui\\server\\migrate_schema.js": {"path":"C:\\Users\\mevis\\MQTT-Ingetsion\\config-ui\\server\\migrate_schema.js","statementMap":{"0":{"start":{"line":1,"column":11},"end":{"line":1,"column":24}},"1":{"start":{"line":2,"column":13},"end":{"line":2,"column":28}},"2":{"start":{"line":3,"column":17},"end":{"line":3,"column":30}},"3":{"start":{"line":6,"column":17},"end":{"line":13,"column":1}},"4":{"start":{"line":7,"column":16},"end":{"line":7,"column":18}},"5":{"start":{"line":8,"column":4},"end":{"line":11,"column":7}},"6":{"start":{"line":9,"column":23},"end":{"line":9,"column":38}},"7":{"start":{"line":10,"column":8},"end":{"line":10,"column":45}},"8":{"start":{"line":10,"column":20},"end":{"line":10,"column":45}},"9":{"start":{"line":12,"column":4},"end":{"line":12,"column":15}},"10":{"start":{"line":15,"column":17},"end":{"line":15,"column":49}},"11":{"start":{"line":16,"column":17},"end":{"line":16,"column":44}},"12":{"start":{"line":19,"column":4},"end":{"line":19,"column":55}},"13":{"start":{"line":20,"column":4},"end":{"line":23,"column":5}},"14":{"start":{"line":21,"column":8},"end":{"line":21,"column":45}},"15":{"start":{"line":22,"column":8},"end":{"line":22,"column":24}},"16":{"start":{"line":25,"column":16},"end":{"line":25,"column":60}},"17":{"start":{"line":28,"column":19},"end":{"line":34,"column":5}},"18":{"start":{"line":36,"column":4},"end":{"line":36,"column":72}},"19":{"start":{"line":37,"column":17},"end":{"line":37,"column":33}},"20":{"start":{"line":39,"column":4},"end":{"line":50,"column":5}},"21":{"start":{"line":40,"column":8},"end":{"line":40,"column":65}},"22":{"start":{"line":41,"column":8},"end":{"line":44,"column":11}},"23":{"start":{"line":45,"column":8},"end":{"line":45,"column":75}},"24":{"start":{"line":47,"column":8},"end":{"line":47,"column":54}},"25":{"start":{"line":49,"column":8},"end":{"line":49,"column":25}},"26":{"start":{"line":53,"column":0},"end":{"line":53,"column":10}}},"fnMap":{"0":{"name":"(anonymous_0)","decl":{"start":{"line":6,"column":17},"end":{"line":6,"column":18}},"loc":{"start":{"line":6,"column":30},"end":{"line":13,"column":1}},"line":6},"1":{"name":"(anonymous_1)","decl":{"start":{"line":8,"column":32},"end":{"line":8,"column":33}},"loc":{"start":{"line":8,"column":40},"end":{"line":11,"column":5}},"line":8},"2":{"name":"migrate","decl":{"start":{"line":18,"column":15},"end":{"line":18,"column":22}},"loc":{"start":{"line":18,"column":25},"end":{"line":51,"column":1}},"line":18}},"branchMap":{"0":{"loc":{"start":{"line":10,"column":8},"end":{"line":10,"column":45}},"type":"if","locations":[{"start":{"line":10,"column":8},"end":{"line":10,"column":45}},{"start":{},"end":{}}],"line":10},"1":{"loc":{"start":{"line":10,"column":12},"end":{"line":10,"column":18}},"type":"binary-expr","locations":[{"start":{"line":10,"column":12},"end":{"line":10,"column":13}},{"start":{"line":10,"column":17},"end":{"line":10,"column":18}}],"line":10},"2":{"loc":{"start":{"line":20,"column":4},"end":{"line":23,"column":5}},"type":"if","locations":[{"start":{"line":20,"column":4},"end":{"line":23,"column":5}},{"start":{},"end":{}}],"line":20},"3":{"loc":{"start":{"line":29,"column":14},"end":{"line":29,"column":39}},"type":"binary-expr","locations":[{"start":{"line":29,"column":14},"end":{"line":29,"column":25}},{"start":{"line":29,"column":29},"end":{"line":29,"column":39}}],"line":29},"4":{"loc":{"start":{"line":30,"column":14},"end":{"line":30,"column":40}},"type":"binary-expr","locations":[{"start":{"line":30,"column":14},"end":{"line":30,"column":25}},{"start":{"line":30,"column":29},"end":{"line":30,"column":40}}],"line":30},"5":{"loc":{"start":{"line":31,"column":18},"end":{"line":31,"column":51}},"type":"binary-expr","locations":[{"start":{"line":31,"column":18},"end":{"line":31,"column":29}},{"start":{"line":31,"column":33},"end":{"line":31,"column":51}}],"line":31},"6":{"loc":{"start":{"line":32,"column":18},"end":{"line":32,"column":47}},"type":"binary-expr","locations":[{"start":{"line":32,"column":18},"end":{"line":32,"column":33}},{"start":{"line":32,"column":37},"end":{"line":32,"column":47}}],"line":32},"7":{"loc":{"start":{"line":33,"column":23},"end":{"line":33,"column":44}},"type":"binary-expr","locations":[{"start":{"line":33,"column":23},"end":{"line":33,"column":34}},{"start":{"line":33,"column":38},"end":{"line":33,"column":44}}],"line":33}},"s":{"0":0,"1":0,"2":0,"3":0,"4":0,"5":0,"6":0,"7":0,"8":0,"9":0,"10":0,"11":0,"12":0,"13":0,"14":0,"15":0,"16":0,"17":0,"18":0,"19":0,"20":0,"21":0,"22":0,"23":0,"24":0,"25":0,"26":0},"f":{"0":0,"1":0,"2":0},"b":{"0":[0,0],"1":[0,0],"2":[0,0],"3":[0,0],"4":[0,0],"5":[0,0],"6":[0,0],"7":[0,0]}}
,"C:\\Users\\mevis\\MQTT-Ingetsion\\config-ui\\server\\test_columns_query.js": {"path":"C:\\Users\\mevis\\MQTT-Ingetsion\\config-ui\\server\\test_columns_query.js","statementMap":{"0":{"start":{"line":1,"column":11},"end":{"line":1,"column":24}},"1":{"start":{"line":2,"column":13},"end":{"line":2,"column":28}},"2":{"start":{"line":3,"column":0},"end":{"line":3,"column":77}},"3":{"start":{"line":4,"column":17},"end":{"line":4,"column":30}},"4":{"start":{"line":7,"column":4},"end":{"line":31,"column":5}},"5":{"start":{"line":8,"column":21},"end":{"line":14,"column":10}},"6":{"start":{"line":16,"column":8},"end":{"line":16,"column":66}},"7":{"start":{"line":18,"column":20},"end":{"line":23,"column":9}},"8":{"start":{"line":25,"column":8},"end":{"line":25,"column":55}},"9":{"start":{"line":26,"column":8},"end":{"line":26,"column":30}},"10":{"start":{"line":28,"column":8},"end":{"line":28,"column":25}},"11":{"start":{"line":30,"column":8},"end":{"line":30,"column":37}},"12":{"start":{"line":34,"column":0},"end":{"line":34,"column":32}}},"fnMap":{"0":{"name":"checkColumns","decl":{"start":{"line":6,"column":15},"end":{"line":6,"column":27}},"loc":{"start":{"line":6,"column":39},"end":{"line":32,"column":1}},"line":6}},"branchMap":{},"s":{"0":0,"1":0,"2":0,"3":0,"4":0,"5":0,"6":0,"7":0,"8":0,"9":0,"10":0,"11":0,"12":0},"f":{"0":0},"b":{}}
,"C:\\Users\\mevis\\MQTT-Ingetsion\\config-ui\\server\\verify_api.js": {"path":"C:\\Users\\mevis\\MQTT-Ingetsion\\config-ui\\server\\verify_api.js","statementMap":{"0":{"start":{"line":1,"column":13},"end":{"line":1,"column":28}},"1":{"start":{"line":4,"column":4},"end":{"line":21,"column":7}},"2":{"start":{"line":5,"column":8},"end":{"line":20,"column":31}},"3":{"start":{"line":11,"column":23},"end":{"line":11,"column":25}},"4":{"start":{"line":12,"column":12},"end":{"line":12,"column":51}},"5":{"start":{"line":12,"column":36},"end":{"line":12,"column":49}},"6":{"start":{"line":13,"column":12},"end":{"line":19,"column":15}},"7":{"start":{"line":14,"column":16},"end":{"line":18,"column":17}},"8":{"start":{"line":15,"column":20},"end":{"line":15,"column":80}},"9":{"start":{"line":17,"column":20},"end":{"line":17,"column":68}},"10":{"start":{"line":25,"column":4},"end":{"line":25,"column":49}},"11":{"start":{"line":26,"column":4},"end":{"line":44,"column":5}},"12":{"start":{"line":27,"column":8},"end":{"line":27,"column":44}},"13":{"start":{"line":28,"column":22},"end":{"line":28,"column":44}},"14":{"start":{"line":29,"column":8},"end":{"line":29,"column":45}},"15":{"start":{"line":30,"column":8},"end":{"line":30,"column":45}},"16":{"start":{"line":32,"column":8},"end":{"line":32,"column":49}},"17":{"start":{"line":33,"column":23},"end":{"line":33,"column":50}},"18":{"start":{"line":34,"column":8},"end":{"line":34,"column":46}},"19":{"start":{"line":35,"column":8},"end":{"line":35,"column":86}},"20":{"start":{"line":37,"column":8},"end":{"line":37,"column":68}},"21":{"start":{"line":38,"column":21},"end":{"line":38,"column":65}},"22":{"start":{"line":39,"column":8},"end":{"line":39,"column":44}},"23":{"start":{"line":40,"column":8},"end":{"line":40,"column":85}},"24":{"start":{"line":43,"column":8},"end":{"line":43,"column":55}},"25":{"start":{"line":47,"column":0},"end":{"line":47,"column":7}}},"fnMap":{"0":{"name":"get","decl":{"start":{"line":3,"column":9},"end":{"line":3,"column":12}},"loc":{"start":{"line":3,"column":19},"end":{"line":22,"column":1}},"line":3},"1":{"name":"(anonymous_1)","decl":{"start":{"line":4,"column":23},"end":{"line":4,"column":24}},"loc":{"start":{"line":4,"column":44},"end":{"line":21,"column":5}},"line":4},"2":{"name":"(anonymous_2)","decl":{"start":{"line":10,"column":11},"end":{"line":10,"column":12}},"loc":{"start":{"line":10,"column":20},"end":{"line":20,"column":9}},"line":10},"3":{"name":"(anonymous_3)","decl":{"start":{"line":12,"column":27},"end":{"line":12,"column":28}},"loc":{"start":{"line":12,"column":36},"end":{"line":12,"column":49}},"line":12},"4":{"name":"(anonymous_4)","decl":{"start":{"line":13,"column":26},"end":{"line":13,"column":27}},"loc":{"start":{"line":13,"column":32},"end":{"line":19,"column":13}},"line":13},"5":{"name":"test","decl":{"start":{"line":24,"column":15},"end":{"line":24,"column":19}},"loc":{"start":{"line":24,"column":22},"end":{"line":45,"column":1}},"line":24}},"branchMap":{},"s":{"0":0,"1":0,"2":0,"3":0,"4":0,"5":0,"6":0,"7":0,"8":0,"9":0,"10":0,"11":0,"12":0,"13":0,"14":0,"15":0,"16":0,"17":0,"18":0,"19":0,"20":0,"21":0,"22":0,"23":0,"24":0,"25":0},"f":{"0":0,"1":0,"2":0,"3":0,"4":0,"5":0},"b":{}}
,"C:\\Users\\mevis\\MQTT-Ingetsion\\config-ui\\server\\routes\\admin.js": {"path":"C:\\Users\\mevis\\MQTT-Ingetsion\\config-ui\\server\\routes\\admin.js","statementMap":{"0":{"start":{"line":1,"column":16},"end":{"line":1,"column":34}},"1":{"start":{"line":2,"column":15},"end":{"line":2,"column":31}},"2":{"start":{"line":3,"column":11},"end":{"line":3,"column":24}},"3":{"start":{"line":4,"column":13},"end":{"line":4,"column":28}},"4":{"start":{"line":5,"column":18},"end":{"line":5,"column":42}},"5":{"start":{"line":6,"column":15},"end":{"line":6,"column":32}},"6":{"start":{"line":9,"column":21},"end":{"line":9,"column":56}},"7":{"start":{"line":10,"column":15},"end":{"line":10,"column":41}},"8":{"start":{"line":13,"column":17},"end":{"line":13,"column":47}},"9":{"start":{"line":14,"column":15},"end":{"line":14,"column":40}},"10":{"start":{"line":15,"column":17},"end":{"line":15,"column":75}},"11":{"start":{"line":17,"column":17},"end":{"line":17,"column":44}},"12":{"start":{"line":18,"column":16},"end":{"line":18,"column":62}},"13":{"start":{"line":20,"column":20},"end":{"line":20,"column":70}},"14":{"start":{"line":22,"column":22},"end":{"line":22,"column":72}},"15":{"start":{"line":23,"column":20},"end":{"line":23,"column":63}},"16":{"start":{"line":30,"column":4},"end":{"line":32,"column":5}},"17":{"start":{"line":31,"column":8},"end":{"line":31,"column":52}},"18":{"start":{"line":34,"column":4},"end":{"line":36,"column":5}},"19":{"start":{"line":35,"column":8},"end":{"line":35,"column":67}},"20":{"start":{"line":38,"column":4},"end":{"line":40,"column":5}},"21":{"start":{"line":39,"column":8},"end":{"line":39,"column":54}},"22":{"start":{"line":42,"column":17},"end":{"line":44,"column":24}},"23":{"start":{"line":46,"column":4},"end":{"line":46,"column":29}},"24":{"start":{"line":50,"column":29},"end":{"line":50,"column":44}},"25":{"start":{"line":51,"column":20},"end":{"line":53,"column":24}},"26":{"start":{"line":56,"column":4},"end":{"line":63,"column":5}},"27":{"start":{"line":57,"column":8},"end":{"line":60,"column":10}},"28":{"start":{"line":62,"column":8},"end":{"line":62,"column":21}},"29":{"start":{"line":72,"column":8},"end":{"line":72,"column":39}},"30":{"start":{"line":73,"column":8},"end":{"line":73,"column":33}},"31":{"start":{"line":74,"column":8},"end":{"line":74,"column":34}},"32":{"start":{"line":76,"column":8},"end":{"line":76,"column":58}},"33":{"start":{"line":76,"column":26},"end":{"line":76,"column":41}},"34":{"start":{"line":80,"column":20},"end":{"line":80,"column":30}},"35":{"start":{"line":81,"column":23},"end":{"line":81,"column":44}},"36":{"start":{"line":83,"column":8},"end":{"line":85,"column":9}},"37":{"start":{"line":84,"column":12},"end":{"line":84,"column":106}},"38":{"start":{"line":87,"column":8},"end":{"line":94,"column":9}},"39":{"start":{"line":88,"column":12},"end":{"line":93,"column":14}},"40":{"start":{"line":96,"column":8},"end":{"line":100,"column":10}},"41":{"start":{"line":104,"column":20},"end":{"line":104,"column":30}},"42":{"start":{"line":105,"column":23},"end":{"line":105,"column":44}},"43":{"start":{"line":107,"column":8},"end":{"line":114,"column":9}},"44":{"start":{"line":108,"column":12},"end":{"line":108,"column":64}},"45":{"start":{"line":110,"column":12},"end":{"line":110,"column":27}},"46":{"start":{"line":111,"column":12},"end":{"line":113,"column":13}},"47":{"start":{"line":112,"column":16},"end":{"line":112,"column":98}},"48":{"start":{"line":118,"column":8},"end":{"line":118,"column":33}},"49":{"start":{"line":122,"column":20},"end":{"line":122,"column":30}},"50":{"start":{"line":123,"column":8},"end":{"line":127,"column":9}},"51":{"start":{"line":124,"column":12},"end":{"line":126,"column":13}},"52":{"start":{"line":125,"column":16},"end":{"line":125,"column":41}},"53":{"start":{"line":131,"column":20},"end":{"line":131,"column":54}},"54":{"start":{"line":137,"column":23},"end":{"line":137,"column":27}},"55":{"start":{"line":140,"column":20},"end":{"line":140,"column":42}},"56":{"start":{"line":141,"column":24},"end":{"line":141,"column":51}},"57":{"start":{"line":143,"column":4},"end":{"line":146,"column":5}},"58":{"start":{"line":144,"column":8},"end":{"line":144,"column":28}},"59":{"start":{"line":145,"column":8},"end":{"line":145,"column":71}},"60":{"start":{"line":148,"column":4},"end":{"line":153,"column":5}},"61":{"start":{"line":149,"column":8},"end":{"line":149,"column":71}},"62":{"start":{"line":150,"column":8},"end":{"line":150,"column":94}},"63":{"start":{"line":152,"column":8},"end":{"line":152,"column":75}},"64":{"start":{"line":155,"column":4},"end":{"line":158,"column":6}},"65":{"start":{"line":160,"column":4},"end":{"line":160,"column":72}},"66":{"start":{"line":163,"column":0},"end":{"line":163,"column":29}},"67":{"start":{"line":169,"column":21},"end":{"line":175,"column":1}},"68":{"start":{"line":170,"column":4},"end":{"line":173,"column":5}},"69":{"start":{"line":171,"column":8},"end":{"line":171,"column":101}},"70":{"start":{"line":172,"column":8},"end":{"line":172,"column":86}},"71":{"start":{"line":174,"column":4},"end":{"line":174,"column":11}},"72":{"start":{"line":181,"column":18},"end":{"line":259,"column":1}},"73":{"start":{"line":182,"column":15},"end":{"line":182,"column":66}},"74":{"start":{"line":183,"column":17},"end":{"line":183,"column":25}},"75":{"start":{"line":186,"column":22},"end":{"line":186,"column":43}},"76":{"start":{"line":187,"column":4},"end":{"line":194,"column":5}},"77":{"start":{"line":188,"column":8},"end":{"line":188,"column":72}},"78":{"start":{"line":189,"column":8},"end":{"line":193,"column":11}},"79":{"start":{"line":197,"column":23},"end":{"line":197,"column":48}},"80":{"start":{"line":198,"column":4},"end":{"line":201,"column":5}},"81":{"start":{"line":199,"column":8},"end":{"line":199,"column":57}},"82":{"start":{"line":200,"column":8},"end":{"line":200,"column":74}},"83":{"start":{"line":204,"column":4},"end":{"line":258,"column":5}},"84":{"start":{"line":205,"column":22},"end":{"line":205,"column":43}},"85":{"start":{"line":206,"column":8},"end":{"line":209,"column":9}},"86":{"start":{"line":207,"column":12},"end":{"line":207,"column":79}},"87":{"start":{"line":208,"column":12},"end":{"line":208,"column":90}},"88":{"start":{"line":211,"column":24},"end":{"line":211,"column":32}},"89":{"start":{"line":212,"column":8},"end":{"line":215,"column":9}},"90":{"start":{"line":213,"column":12},"end":{"line":213,"column":63}},"91":{"start":{"line":214,"column":12},"end":{"line":214,"column":85}},"92":{"start":{"line":217,"column":24},"end":{"line":217,"column":72}},"93":{"start":{"line":218,"column":37},"end":{"line":218,"column":55}},"94":{"start":{"line":221,"column":8},"end":{"line":225,"column":9}},"95":{"start":{"line":222,"column":12},"end":{"line":222,"column":42}},"96":{"start":{"line":223,"column":12},"end":{"line":223,"column":77}},"97":{"start":{"line":224,"column":12},"end":{"line":224,"column":74}},"98":{"start":{"line":228,"column":8},"end":{"line":232,"column":9}},"99":{"start":{"line":229,"column":12},"end":{"line":229,"column":42}},"100":{"start":{"line":230,"column":12},"end":{"line":230,"column":68}},"101":{"start":{"line":231,"column":12},"end":{"line":231,"column":72}},"102":{"start":{"line":234,"column":8},"end":{"line":243,"column":9}},"103":{"start":{"line":235,"column":12},"end":{"line":239,"column":13}},"104":{"start":{"line":236,"column":16},"end":{"line":236,"column":46}},"105":{"start":{"line":237,"column":16},"end":{"line":237,"column":72}},"106":{"start":{"line":238,"column":16},"end":{"line":238,"column":78}},"107":{"start":{"line":241,"column":12},"end":{"line":241,"column":79}},"108":{"start":{"line":242,"column":12},"end":{"line":242,"column":75}},"109":{"start":{"line":246,"column":8},"end":{"line":246,"column":30}},"110":{"start":{"line":247,"column":8},"end":{"line":247,"column":85}},"111":{"start":{"line":249,"column":8},"end":{"line":249,"column":33}},"112":{"start":{"line":250,"column":8},"end":{"line":250,"column":25}},"113":{"start":{"line":251,"column":8},"end":{"line":251,"column":40}},"114":{"start":{"line":253,"column":8},"end":{"line":253,"column":15}},"115":{"start":{"line":256,"column":8},"end":{"line":256,"column":66}},"116":{"start":{"line":257,"column":8},"end":{"line":257,"column":80}},"117":{"start":{"line":262,"column":0},"end":{"line":300,"column":3}},"118":{"start":{"line":263,"column":4},"end":{"line":299,"column":5}},"119":{"start":{"line":264,"column":23},"end":{"line":269,"column":9}},"120":{"start":{"line":272,"column":8},"end":{"line":276,"column":9}},"121":{"start":{"line":273,"column":31},"end":{"line":273,"column":64}},"122":{"start":{"line":274,"column":30},"end":{"line":274,"column":60}},"123":{"start":{"line":275,"column":12},"end":{"line":275,"column":57}},"124":{"start":{"line":275,"column":27},"end":{"line":275,"column":57}},"125":{"start":{"line":280,"column":23},"end":{"line":280,"column":107}},"126":{"start":{"line":281,"column":8},"end":{"line":285,"column":9}},"127":{"start":{"line":282,"column":30},"end":{"line":282,"column":61}},"128":{"start":{"line":283,"column":28},"end":{"line":283,"column":63}},"129":{"start":{"line":284,"column":12},"end":{"line":284,"column":53}},"130":{"start":{"line":284,"column":25},"end":{"line":284,"column":53}},"131":{"start":{"line":288,"column":8},"end":{"line":293,"column":9}},"132":{"start":{"line":289,"column":32},"end":{"line":289,"column":71}},"133":{"start":{"line":291,"column":32},"end":{"line":291,"column":92}},"134":{"start":{"line":292,"column":12},"end":{"line":292,"column":65}},"135":{"start":{"line":292,"column":29},"end":{"line":292,"column":65}},"136":{"start":{"line":295,"column":8},"end":{"line":295,"column":25}},"137":{"start":{"line":297,"column":8},"end":{"line":297,"column":47}},"138":{"start":{"line":298,"column":8},"end":{"line":298,"column":51}},"139":{"start":{"line":303,"column":0},"end":{"line":349,"column":3}},"140":{"start":{"line":304,"column":67},"end":{"line":304,"column":75}},"141":{"start":{"line":306,"column":4},"end":{"line":348,"column":5}},"142":{"start":{"line":308,"column":25},"end":{"line":308,"column":27}},"143":{"start":{"line":309,"column":8},"end":{"line":311,"column":9}},"144":{"start":{"line":310,"column":12},"end":{"line":310,"column":59}},"145":{"start":{"line":314,"column":26},"end":{"line":321,"column":9}},"146":{"start":{"line":315,"column":26},"end":{"line":315,"column":55}},"147":{"start":{"line":316,"column":12},"end":{"line":320,"column":13}},"148":{"start":{"line":317,"column":16},"end":{"line":317,"column":72}},"149":{"start":{"line":319,"column":16},"end":{"line":319,"column":48}},"150":{"start":{"line":323,"column":8},"end":{"line":323,"column":35}},"151":{"start":{"line":324,"column":8},"end":{"line":324,"column":52}},"152":{"start":{"line":325,"column":8},"end":{"line":325,"column":47}},"153":{"start":{"line":328,"column":23},"end":{"line":328,"column":62}},"154":{"start":{"line":329,"column":8},"end":{"line":333,"column":9}},"155":{"start":{"line":330,"column":28},"end":{"line":330,"column":59}},"156":{"start":{"line":331,"column":12},"end":{"line":331,"column":81}},"157":{"start":{"line":332,"column":12},"end":{"line":332,"column":48}},"158":{"start":{"line":336,"column":8},"end":{"line":341,"column":9}},"159":{"start":{"line":337,"column":30},"end":{"line":337,"column":68}},"160":{"start":{"line":339,"column":12},"end":{"line":339,"column":135}},"161":{"start":{"line":340,"column":12},"end":{"line":340,"column":57}},"162":{"start":{"line":343,"column":8},"end":{"line":343,"column":87}},"163":{"start":{"line":346,"column":8},"end":{"line":346,"column":47}},"164":{"start":{"line":347,"column":8},"end":{"line":347,"column":51}},"165":{"start":{"line":352,"column":0},"end":{"line":368,"column":3}},"166":{"start":{"line":355,"column":16},"end":{"line":355,"column":41}},"167":{"start":{"line":356,"column":4},"end":{"line":356,"column":44}},"168":{"start":{"line":359,"column":23},"end":{"line":364,"column":6}},"169":{"start":{"line":365,"column":4},"end":{"line":365,"column":23}},"170":{"start":{"line":367,"column":4},"end":{"line":367,"column":67}},"171":{"start":{"line":370,"column":0},"end":{"line":370,"column":24}}},"fnMap":{"0":{"name":"hashPassword","decl":{"start":{"line":29,"column":9},"end":{"line":29,"column":21}},"loc":{"start":{"line":29,"column":45},"end":{"line":47,"column":1}},"line":29},"1":{"name":"verifyPassword","decl":{"start":{"line":49,"column":9},"end":{"line":49,"column":23}},"loc":{"start":{"line":49,"column":40},"end":{"line":64,"column":1}},"line":49},"2":{"name":"(anonymous_2)","decl":{"start":{"line":71,"column":4},"end":{"line":71,"column":5}},"loc":{"start":{"line":71,"column":60},"end":{"line":77,"column":5}},"line":71},"3":{"name":"(anonymous_3)","decl":{"start":{"line":76,"column":20},"end":{"line":76,"column":21}},"loc":{"start":{"line":76,"column":26},"end":{"line":76,"column":41}},"line":76},"4":{"name":"(anonymous_4)","decl":{"start":{"line":79,"column":4},"end":{"line":79,"column":5}},"loc":{"start":{"line":79,"column":14},"end":{"line":101,"column":5}},"line":79},"5":{"name":"(anonymous_5)","decl":{"start":{"line":103,"column":4},"end":{"line":103,"column":5}},"loc":{"start":{"line":103,"column":22},"end":{"line":115,"column":5}},"line":103},"6":{"name":"(anonymous_6)","decl":{"start":{"line":117,"column":4},"end":{"line":117,"column":5}},"loc":{"start":{"line":117,"column":14},"end":{"line":119,"column":5}},"line":117},"7":{"name":"(anonymous_7)","decl":{"start":{"line":121,"column":4},"end":{"line":121,"column":5}},"loc":{"start":{"line":121,"column":15},"end":{"line":128,"column":5}},"line":121},"8":{"name":"initializeAdminCredentials","decl":{"start":{"line":139,"column":9},"end":{"line":139,"column":35}},"loc":{"start":{"line":139,"column":38},"end":{"line":161,"column":1}},"line":139},"9":{"name":"(anonymous_9)","decl":{"start":{"line":169,"column":21},"end":{"line":169,"column":22}},"loc":{"start":{"line":169,"column":41},"end":{"line":175,"column":1}},"line":169},"10":{"name":"(anonymous_10)","decl":{"start":{"line":181,"column":18},"end":{"line":181,"column":19}},"loc":{"start":{"line":181,"column":38},"end":{"line":259,"column":1}},"line":181},"11":{"name":"(anonymous_11)","decl":{"start":{"line":262,"column":47},"end":{"line":262,"column":48}},"loc":{"start":{"line":262,"column":61},"end":{"line":300,"column":1}},"line":262},"12":{"name":"(anonymous_12)","decl":{"start":{"line":303,"column":34},"end":{"line":303,"column":35}},"loc":{"start":{"line":303,"column":48},"end":{"line":349,"column":1}},"line":303},"13":{"name":"(anonymous_13)","decl":{"start":{"line":314,"column":26},"end":{"line":314,"column":27}},"loc":{"start":{"line":314,"column":40},"end":{"line":321,"column":9}},"line":314},"14":{"name":"(anonymous_14)","decl":{"start":{"line":352,"column":35},"end":{"line":352,"column":36}},"loc":{"start":{"line":352,"column":49},"end":{"line":368,"column":1}},"line":352}},"branchMap":{"0":{"loc":{"start":{"line":15,"column":17},"end":{"line":15,"column":75}},"type":"cond-expr","locations":[{"start":{"line":15,"column":26},"end":{"line":15,"column":34}},{"start":{"line":15,"column":37},"end":{"line":15,"column":75}}],"line":15},"1":{"loc":{"start":{"line":29,"column":32},"end":{"line":29,"column":43}},"type":"default-arg","locations":[{"start":{"line":29,"column":39},"end":{"line":29,"column":43}}],"line":29},"2":{"loc":{"start":{"line":30,"column":
[...]
,"end":{"line":30,"column":5}},"type":"if","locations":[{"start":{"line":28,"column":4},"end":{"line":30,"column":5}},{"start":{},"end":{}}],"line":28},"5":{"loc":{"start":{"line":28,"column":8},"end":{"line":28,"column":72}},"type":"binary-expr","locations":[{"start":{"line":28,"column":8},"end":{"line":28,"column":28}},{"start":{"line":28,"column":32},"end":{"line":28,"column":72}}],"line":28},"6":{"loc":{"start":{"line":32,"column":4},"end":{"line":34,"column":5}},"type":"if","locations":[{"start":{"line":32,"column":4},"end":{"line":34,"column":5}},{"start":{},"end":{}}],"line":32},"7":{"loc":{"start":{"line":32,"column":8},"end":{"line":32,"column":74}},"type":"binary-expr","locations":[{"start":{"line":32,"column":8},"end":{"line":32,"column":29}},{"start":{"line":32,"column":33},"end":{"line":32,"column":74}}],"line":32},"8":{"loc":{"start":{"line":37,"column":4},"end":{"line":39,"column":5}},"type":"if","locations":[{"start":{"line":37,"column":4},"end":{"line":39,"column":5}},{"start":{},"end":{}}],"line":37},"9":{"loc":{"start":{"line":42,"column":4},"end":{"line":44,"column":5}},"type":"if","locations":[{"start":{"line":42,"column":4},"end":{"line":44,"column":5}},{"start":{},"end":{}}],"line":42},"10":{"loc":{"start":{"line":56,"column":4},"end":{"line":56,"column":35}},"type":"if","locations":[{"start":{"line":56,"column":4},"end":{"line":56,"column":35}},{"start":{},"end":{}}],"line":56},"11":{"loc":{"start":{"line":59,"column":4},"end":{"line":61,"column":5}},"type":"if","locations":[{"start":{"line":59,"column":4},"end":{"line":61,"column":5}},{"start":{},"end":{}}],"line":59},"12":{"loc":{"start":{"line":59,"column":8},"end":{"line":59,"column":56}},"type":"binary-expr","locations":[{"start":{"line":59,"column":8},"end":{"line":59,"column":36}},{"start":{"line":59,"column":40},"end":{"line":59,"column":56}}],"line":59},"13":{"loc":{"start":{"line":62,"column":4},"end":{"line":64,"column":5}},"type":"if","locations":[{"start":{"line":62,"column":4},"end":{"line":64,"column":5}},{"start":{},"end":{}}],"line":62},"14":{"loc":{"start":{"line":62,"column":8},"end":{"line":62,"column":45}},"type":"binary-expr","locations":[{"start":{"line":62,"column":8},"end":{"line":62,"column":25}},{"start":{"line":62,"column":29},"end":{"line":62,"column":45}}],"line":62},"15":{"loc":{"start":{"line":67,"column":4},"end":{"line":69,"column":5}},"type":"if","locations":[{"start":{"line":67,"column":4},"end":{"line":69,"column":5}},{"start":{},"end":{}}],"line":67},"16":{"loc":{"start":{"line":67,"column":8},"end":{"line":67,"column":40}},"type":"binary-expr","locations":[{"start":{"line":67,"column":8},"end":{"line":67,"column":23}},{"start":{"line":67,"column":27},"end":{"line":67,"column":40}}],"line":67},"17":{"loc":{"start":{"line":76,"column":4},"end":{"line":76,"column":62}},"type":"if","locations":[{"start":{"line":76,"column":4},"end":{"line":76,"column":62}},{"start":{},"end":{}}],"line":76},"18":{"loc":{"start":{"line":76,"column":8},"end":{"line":76,"column":47}},"type":"binary-expr","locations":[{"start":{"line":76,"column":8},"end":{"line":76,"column":27}},{"start":{"line":76,"column":31},"end":{"line":76,"column":47}}],"line":76},"19":{"loc":{"start":{"line":82,"column":4},"end":{"line":82,"column":22}},"type":"if","locations":[{"start":{"line":82,"column":4},"end":{"line":82,"column":22}},{"start":{},"end":{}}],"line":82},"20":{"loc":{"start":{"line":84,"column":4},"end":{"line":84,"column":86}},"type":"if","locations":[{"start":{"line":84,"column":4},"end":{"line":84,"column":86}},{"start":{},"end":{}}],"line":84},"21":{"loc":{"start":{"line":84,"column":8},"end":{"line":84,"column":52}},"type":"binary-expr","locations":[{"start":{"line":84,"column":8},"end":{"line":84,"column":29}},{"start":{"line":84,"column":33},"end":{"line":84,"column":52}}],"line":84},"22":{"loc":{"start":{"line":85,"column":4},"end":{"line":85,"column":110}},"type":"if","locations":[{"start":{"line":85,"column":4},"end":{"line":85,"column":110}},{"start":{},"end":{}}],"line":85},"23":{"loc":{"start":{"line":85,"column":8},"end":{"line":85,"column":68}},"type":"binary-expr","locations":[{"start":{"line":85,"column":8},"end":{"line":85,"column":37}},{"start":{"line":85,"column":41},"end":{"line":85,"column":68}}],"line":85},"24":{"loc":{"start":{"line":86,"column":4},"end":{"line":86,"column":128}},"type":"if","locations":[{"start":{"line":86,"column":4},"end":{"line":86,"column":128}},{"start":{},"end":{}}],"line":86},"25":{"loc":{"start":{"line":86,"column":8},"end":{"line":86,"column":80}},"type":"binary-expr","locations":[{"start":{"line":86,"column":8},"end":{"line":86,"column":43}},{"start":{"line":86,"column":47},"end":{"line":86,"column":80}}],"line":86},"26":{"loc":{"start":{"line":87,"column":4},"end":{"line":87,"column":101}},"type":"if","locations":[{"start":{"line":87,"column":4},"end":{"line":87,"column":101}},{"start":{},"end":{}}],"line":87},"27":{"loc":{"start":{"line":87,"column":8},"end":{"line":87,"column":62}},"type":"binary-expr","locations":[{"start":{"line":87,"column":8},"end":{"line":87,"column":34}},{"start":{"line":87,"column":38},"end":{"line":87,"column":62}}],"line":87},"28":{"loc":{"start":{"line":88,"column":4},"end":{"line":88,"column":101}},"type":"if","locations":[{"start":{"line":88,"column":4},"end":{"line":88,"column":101}},{"start":{},"end":{}}],"line":88},"29":{"loc":{"start":{"line":88,"column":8},"end":{"line":88,"column":62}},"type":"binary-expr","locations":[{"start":{"line":88,"column":8},"end":{"line":88,"column":34}},{"start":{"line":88,"column":38},"end":{"line":88,"column":62}}],"line":88},"30":{"loc":{"start":{"line":89,"column":4},"end":{"line":89,"column":92}},"type":"if","locations":[{"start":{"line":89,"column":4},"end":{"line":89,"column":92}},{"start":{},"end":{}}],"line":89},"31":{"loc":{"start":{"line":89,"column":8},"end":{"line":89,"column":56}},"type":"binary-expr","locations":[{"start":{"line":89,"column":8},"end":{"line":89,"column":31}},{"start":{"line":89,"column":35},"end":{"line":89,"column":56}}],"line":89},"32":{"loc":{"start":{"line":90,"column":4},"end":{"line":90,"column":137}},"type":"if","locations":[{"start":{"line":90,"column":4},"end":{"line":90,"column":137}},{"start":{},"end":{}}],"line":90},"33":{"loc":{"start":{"line":90,"column":8},"end":{"line":90,"column":86}},"type":"binary-expr","locations":[{"start":{"line":90,"column":8},"end":{"line":90,"column":46}},{"start":{"line":90,"column":50},"end":{"line":90,"column":86}}],"line":90},"34":{"loc":{"start":{"line":91,"column":4},"end":{"line":91,"column":128}},"type":"if","locations":[{"start":{"line":91,"column":4},"end":{"line":91,"column":128}},{"start":{},"end":{}}],"line":91},"35":{"loc":{"start":{"line":91,"column":8},"end":{"line":91,"column":80}},"type":"binary-expr","locations":[{"start":{"line":91,"column":8},"end":{"line":91,"column":43}},{"start":{"line":91,"column":47},"end":{"line":91,"column":80}}],"line":91},"36":{"loc":{"start":{"line":104,"column":26},"end":{"line":104,"column":64}},"type":"binary-expr","locations":[{"start":{"line":104,"column":26},"end":{"line":104,"column":36}},{"start":{"line":104,"column":40},"end":{"line":104,"column":51}},{"start":{"line":104,"column":55},"end":{"line":104,"column":64}}],"line":104},"37":{"loc":{"start":{"line":105,"column":21},"end":{"line":105,"column":46}},"type":"binary-expr","locations":[{"start":{"line":105,"column":21},"end":{"line":105,"column":33}},{"start":{"line":105,"column":37},"end":{"line":105,"column":46}}],"line":105},"38":{"loc":{"start":{"line":106,"column":22},"end":{"line":106,"column":48}},"type":"binary-expr","locations":[{"start":{"line":106,"column":22},"end":{"line":106,"column":35}},{"start":{"line":106,"column":39},"end":{"line":106,"column":48}}],"line":106},"39":{"loc":{"start":{"line":107,"column":22},"end":{"line":107,"column":44}},"type":"binary-expr","locations":[{"start":{"line":107,"column":22},"end":{"line":107,"column":35}},{"start":{"line":107,"column":39},"end":{"line":107,"column":44}}],"line":107},"40":{"loc":{"start":{"line":108,"column":22},"end":{"line":108,"column":48}},"type":"binary-expr","locations":[{"start":{"line":108,"column":22},"end":{"line":108,"column":35}},{"start":{"line":108,"column":39},"end":{"line":108,"column":48}}],"line":108},"41":{"loc":{"start":{"line":109,"column":23},"end":{"line":109,"column":50}},"type":"binary-expr","locations":[{"start":{"line":109,"column":23},"end":{"line":109,"column":37}},{"start":{"line":109,"column":41},"end":{"line":109,"column":50}}],"line":109},"42":{"loc":{"start":{"line":110,"column":15},"end":{"line":110,"column":28}},"type":"binary-expr","locations":[{"start":{"line":110,"column":15},"end":{"line":110,"column":22}},{"start":{"line":110,"column":26},"end":{"line":110,"column":28}}],"line":110},"43":{"loc":{"start":{"line":112,"column":12},"end":{"line":119,"column":39}},"type":"binary-expr","locations":[{"start":{"line":112,"column":12},"end":{"line":112,"column":30}},{"start":{"line":113,"column":12},"end":{"line":113,"column":27}},{"start":{"line":114,"column":12},"end":{"line":114,"column":22}},{"start":{"line":115,"column":12},"end":{"line":115,"column":24}},{"start":{"line":116,"column":12},"end":{"line":116,"column":27}},{"start":{"line":117,"column":12},"end":{"line":117,"column":36}},{"start":{"line":118,"column":12},"end":{"line":118,"column":36}},{"start":{"line":119,"column":12},"end":{"line":119,"column":39}}],"line":112},"44":{"loc":{"start":{"line":123,"column":21},"end":{"line":123,"column":53}},"type":"cond-expr","locations":[{"start":{"line":123,"column":36},"end":{"line":123,"column":41}},{"start":{"line":123,"column":44},"end":{"line":123,"column":53}}],"line":123},"45":{"loc":{"start":{"line":124,"column":19},"end":{"line":124,"column":51}},"type":"binary-expr","locations":[{"start":{"line":124,"column":19},"end":{"line":124,"column":31}},{"start":{"line":124,"column":35},"end":{"line":124,"column":51}}],"line":124},"46":{"loc":{"start":{"line":125,"column":19},"end":{"line":125,"column":39}},"type":"binary-expr","locations":[{"start":{"line":125,"column":19},"end":{"line":125,"column":31}},{"start":{"line":125,"column":35},"end":{"line":125,"column":39}}],"line":125},"47":{"loc":{"start":{"line":137,"column":19},"end":{"line":137,"column":43}},"type":"binary-expr","locations":[{"start":{"line":137,"column":19},"end":{"line":137,"column":26}},{"start":{"line":137,"column":30},"end":{"line":137,"column":43}}],"line":137},"48":{"loc":{"start":{"line":138,"column":21},"end":{"line":138,"column":39}},"type":"binary-expr","locations":[{"start":{"line":138,"column":21},"end":{"line":138,"column":30}},{"start":{"line":138,"column":34},"end":{"line":138,"column":39}}],"line":138},"49":{"loc":{"start":{"line":139,"column":22},"end":{"line":139,"column":60}},"type":"binary-expr","locations":[{"start":{"line":139,"column":22},"end":{"line":139,"column":29}},{"start":{"line":139,"column":33},"end":{"line":139,"column":47}},{"start":{"line":139,"column":51},"end":{"line":139,"column":60}}],"line":139},"50":{"loc":{"start":{"line":140,"column":22},"end":{"line":140,"column":48}},"type":"binary-expr","locations":[{"start":{"line":140,"column":22},"end":{"line":140,"column":35}},{"start":{"line":140,"column":39},"end":{"line":140,"column":48}}],"line":140},"51":{"loc":{"start":{"line":141,"column":22},"end":{"line":141,"column":41}},"type":"binary-expr","locations":[{"start":{"line":141,"column":22},"end":{"line":141,"column":28}},{"start":{"line":141,"column":32},"end":{"line":141,"column":41}}],"line":141},"52":{"loc":{"start":{"line":142,"column":23},"end":{"line":142,"column":43}},"type":"binary-expr","locations":[{"start":{"line":142,"column":23},"end":{"line":142,"column":30}},{"start":{"line":142,"column":34},"end":{"line":142,"column":43}}],"line":142},"53":{"loc":{"start":{"line":143,"column":15},"end":{"line":143,"column":28}},"type":"binary-expr","locations":[{"start":{"line":143,"column":15},"end":{"line":143,"column":22}},{"start":{"line":143,"column":26},"end":{"line":143,"column":28}}],"line":143},"54":{"loc":{"start":{"line":145,"column":25},"end":{"line":145,"column":43}},"type":"binary-expr","locations":[{"start":{"line":145,"column":25},"end":{"line":145,"column":37}},{"start":{"line":145,"column":41},"end":{"line":145,"column":43}}],"line":145},"55":{"loc":{"start":{"line":147,"column":21},"end":{"line":147,"column":47}},"type":"binary-expr","locations":[{"start":{"line":147,"column":21},"end":{"line":147,"column":30}},{"start":{"line":147,"column":34},"end":{"line":147,"column":47}}],"line":147},"56":{"loc":{"start":{"line":158,"column":14},"end":{"line":158,"column":27}},"type":"binary-expr","locations":[{"start":{"line":158,"column":14},"end":{"line":158,"column":21}},{"start":{"line":158,"column":25},"end":{"line":158,"column":27}}],"line":158},"57":{"loc":{"start":{"line":163,"column":19},"end":{"line":165,"column":46}},"type":"binary-expr","locations":[{"start":{"line":163,"column":19},"end":{"line":163,"column":47}},{"start":{"line":164,"column":8},"end":{"line":164,"column":37}},{"start":{"line":165,"column":9},"end":{"line":165,"column":22}},{"start":{"line":165,"column":26},"end":{"line":165,"column":45}}],"line":163},"58":{"loc":{"start":{"line":167,"column":4},"end":{"line":177,"column":5}},"type":"if","locations":[{"start":{"line":167,"column":4},"end":{"line":177,"column":5}},{"start":{},"end":{}}],"line":167},"59":{"loc":{"start":{"line":168,"column":8},"end":{"line":176,"column":9}},"type":"switch","locations":[{"start":{"line":169,"column":12},"end":{"line":170,"column":49}},{"start":{"line":171,"column":12},"end":{"line":172,"column":49}},{"start":{"line":173,"column":12},"end":{"line":175,"column":49}}],"line":168},"60":{"loc":{"start":{"line":180,"column":18},"end":{"line":183,"column":48}},"type":"binary-expr","locations":[{"start":{"line":180,"column":18},"end":{"line":180,"column":58}},{"start":{"line":181,"column":8},"end":{"line":181,"column":47}},{"start":{"line":182,"column":8},"end":{"line":182,"column":49}},{"start":{"line":183,"column":8},"end":{"line":183,"column":48}}],"line":180},"61":{"loc":{"start":{"line":185,"column":4},"end":{"line":197,"column":5}},"type":"if","locations":[{"start":{"line":185,"column":4},"end":{"line":197,"column":5}},{"start":{},"end":{}}],"line":185},"62":{"loc":{"start":{"line":189,"column":23},"end":{"line":189,"column":89}},"type":"binary-expr","locations":[{"start":{"line":189,"column":23},"end":{"line":189,"column":40}},{"start":{"line":189,"column":44},"end":{"line":189,"column":60}},{"start":{"line":189,"column":64},"end":{"line":189,"column":80}},{"start":{"line":189,"column":84},"end":{"line":189,"column":89}}],"line":189},"63":{"loc":{"start":{"line":193,"column":23},"end":{"line":193,"column":61}},"type":"binary-expr","locations":[{"start":{"line":193,"column":23},"end":{"line":193,"column":41}},{"start":{"line":193,"column":45},"end":{"line":193,"column":61}}],"line":193},"64":{"loc":{"start":{"line":194,"column":23},"end":{"line":194,"column":49}},"type":"binary-expr","locations":[{"start":{"line":194,"column":23},"end":{"line":194,"column":41}},{"start":{"line":194,"column":45},"end":{"line":194,"column":49}}],"line":194},"65":{"loc":{"start":{"line":195,"column":25},"end":{"line":195,"column":78}},"type":"binary-expr","locations":[{"start":{"line":195,"column":25},"end":{"line":195,"column":43}},{"start":{"line":195,"column":47},"end":{"line":195,"column":65}},{"start":{"line":195,"column":69},"end":{"line":195,"column":78}}],"line":195},"66":{"loc":{"start":{"line":201,"column":20},"end":{"line":201,"column":109}},"type":"binary-expr","locations":[{"start":{"line":201,"column":20},"end":{"line":201,"column":37}},{"start":{"line":201,"column":41},"end":{"line":201,"column":58}},{"start":{"line":201,"column":62},"end":{"line":201,"column":80}},{"start":{"line":201,"column":84},"end":{"line":201,"column":96}},{"start":{"line":201,"column":100},"end":{"line":201,"column":109}}],"line":201},"67":{"loc":{"start":{"line":204,"column":4},"end":{"line":213,"column":5}},"type":"if","locations":[{"start":{"line":204,"column":4},"end":{"line":213,"column":5}},{"start":{},"end":{}}],"line":204},"68":{"loc":{"start":{"line":204,"column":8},"end":{"line":204,"column":50}},"type":"binary-expr","locations":[{"start":{"line":204,"column":8},"end":{"line":204,"column":31}},{"start":{"line":204,"column":35},"end":{"line":204,"column":50}}],"line":204},"69":{"loc":{"start":{"line":206,"column":8},"end":{"line":212,"column":9}},"type":"if","locations":[{"start":{"line":206,"column":8},"end":{"line":212,"column":9}},{"start":{"line":208,"column":15},"end":{"line":212,"column":9}}],"line":206},"70":{"loc":{"start":{"line":208,"column":15},"end":{"line":212,"column":9}},"type":"if","locations":[{"start":{"line":208,"column":15},"end":{"line":212,"column":9}},{"start":{"line":210,"column":15},"end":{"line":212,"column":9}}],"line":208},"71":{"loc":{"start":{"line":210,"column":15},"end":{"line":212,"column":9}},"type":"if","locations":[{"start":{"line":210,"column":15},"end":{"line":212,"column":9}},{"start":{},"end":{}}],"line":210},"72":{"loc":{"start":{"line":218,"column":19},"end":{"line":218,"column":65}},"type":"binary-expr","locations":[{"start":{"line":218,"column":19},"end":{"line":218,"column":36}},{"start":{"line":218,"column":40},"end":{"line":218,"column":56}},{"start":{"line":218,"column":60},"end":{"line":218,"column":65}}],"line":218},"73":{"loc":{"start":{"line":222,"column":19},"end":{"line":222,"column":57}},"type":"binary-expr","locations":[{"start":{"line":222,"column":19},"end":{"line":222,"column":37}},{"start":{"line":222,"column":41},"end":{"line":222,"column":57}}],"line":222},"74":{"loc":{"start":{"line":223,"column":19},"end":{"line":223,"column":45}},"type":"binary-expr","locations":[{"start":{"line":223,"column":19},"end":{"line":223,"column":37}},{"start":{"line":223,"column":41},"end":{"line":223,"column":45}}],"line":223},"75":{"loc":{"start":{"line":224,"column":21},"end":{"line":224,"column":97}},"type":"binary-expr","locations":[{"start":{"line":224,"column":21},"end":{"line":224,"column":39}},{"start":{"line":224,"column":43},"end":{"line":224,"column":61}},{"start":{"line":224,"column":65},"end":{"line":224,"column":84}},{"start":{"line":224,"column":88},"end":{"line":224,"column":97}}],"line":224}},"s":{"0":1,"1":1,"2":1,"3":1,"4":7,"5":0,"6":7,"7":0,"8":7,"9":0,"10":7,"11":0,"12":7,"13":0,"14":7,"15":0,"16":7,"17":11,"18":1,"19":10,"20":0,"21":10,"22":0,"23":10,"24":0,"25":10,"26":0,"27":10,"28":5,"29":2,"30":3,"31":3,"32":0,"33":3,"34":2,"35":3,"36":0,"37":3,"38":2,"39":3,"40":0,"41":3,"42":0,"43":3,"44":0,"45":3,"46":0,"47":3,"48":0,"49":0,"50":0,"51":0,"52":7,"53":7,"54":7,"55":7,"56":0,"57":0,"58":0,"59":0,"60":7,"61":7,"62":0,"63":7,"64":7,"65":0,"66":0,"67":0,"68":0,"69":0,"70":0,"71":0,"72":7,"73":1},"f":{"0":7,"1":11,"2":5,"3":0,"4":0,"5":7},"b":{"0":[1,1],"1":[0,7],"2":[0,7],"3":[7,0],"4":[0,7],"5":[7,0],"6":[0,7],"7":[7,0],"8":[0,7],"9":[0,7],"10":[1,10],"11":[0,10],"12":[10,0],"13":[0,10],"14":[10,10],"15":[0,10],"16":[10,10],"17":[0,10],"18":[10,0],"19":[2,3],"20":[0,3],"21":[3,3],"22":[2,1],"23":[3,3],"24":[0,3],"25":[3,3],"26":[2,1],"27":[3,3],"28":[0,3],"29":[3,3],"30":[0,3],"31":[3,3],"32":[0,3],"33":[3,3],"34":[0,3],"35":[3,3],"36":[0,0,0],"37":[0,0],"38":[0,0],"39":[0,0],"40":[0,0],"41":[0,0],"42":[0,0],"43":[0,0,0,0,0,0,0,0],"44":[0,0],"45":[0,0],"46":[0,0],"47":[0,0],"48":[0,0],"49":[0,0,0],"50":[0,0],"51":[0,0],"52":[0,0],"53":[0,0],"54":[0,0],"55":[0,0],"56":[7,2],"57":[7,7,7,7],"58":[0,7],"59":[0,0,0],"60":[7,7,7,7],"61":[0,7],"62":[0,0,0,0],"63":[0,0],"64":[0,0],"65":[0,0,0],"66":[7,7,7,7,7],"67":[0,7],"68":[7,7],"69":[0,0],"70":[0,0],"71":[0,0],"72":[7,7,5],"73":[7,7],"74":[7,7],"75":[7,7,7,7]},"_coverageSchema":"1a1c01bbd47fc00a2c39e90264f33305004495a9","hash":"71c965d03fc79e285b97a89f50344d4cdf651e7f"}
}
