TN:
SF:config-ui\server\debug_paths.js
FNF:0
FNH:0
DA:1,0
DA:2,0
DA:4,0
DA:5,0
DA:6,0
DA:8,0
DA:9,0
DA:10,0
DA:11,0
DA:13,0
DA:14,0
DA:15,0
DA:17,0
DA:18,0
DA:19,0
LF:15
LH:0
BRDA:6,0,0,0
BRDA:6,0,1,0
BRDA:13,1,0,0
BRDA:13,1,1,0
BRDA:17,2,0,0
BRDA:17,2,1,0
BRF:6
BRH:0
end_of_record
TN:
SF:config-ui\server\index.js
FN:20,(anonymous_0)
FN:32,(anonymous_1)
FN:53,(anonymous_2)
FN:55,parseEnv
FN:57,(anonymous_4)
FN:64,(anonymous_5)
FN:84,(anonymous_6)
FN:95,(anonymous_7)
FN:96,(anonymous_8)
FN:115,(anonymous_9)
FN:121,(anonymous_10)
FN:148,(anonymous_11)
FN:167,(anonymous_12)
FN:171,(anonymous_13)
FN:180,(anonymous_14)
FN:181,(anonymous_15)
FN:202,(anonymous_16)
FN:218,(anonymous_17)
FN:227,(anonymous_18)
FN:240,(anonymous_19)
FN:248,(anonymous_20)
FN:261,decodeError
FN:265,fetchPorts
FN:278,(anonymous_23)
FN:299,(anonymous_24)
FN:319,(anonymous_25)
FN:334,(anonymous_26)
FN:343,(anonymous_27)
FN:389,(anonymous_28)
FN:401,(anonymous_29)
FN:433,(anonymous_30)
FN:446,(anonymous_31)
FN:467,(anonymous_32)
FN:481,(anonymous_33)
FN:487,(anonymous_34)
FN:489,(anonymous_35)
FN:494,(anonymous_36)
FN:500,(anonymous_37)
FN:501,(anonymous_38)
FNF:39
FNH:0
FNDA:0,(anonymous_0)
FNDA:0,(anonymous_1)
FNDA:0,(anonymous_2)
FNDA:0,parseEnv
FNDA:0,(anonymous_4)
FNDA:0,(anonymous_5)
FNDA:0,(anonymous_6)
FNDA:0,(anonymous_7)
FNDA:0,(anonymous_8)
FNDA:0,(anonymous_9)
FNDA:0,(anonymous_10)
FNDA:0,(anonymous_11)
FNDA:0,(anonymous_12)
FNDA:0,(anonymous_13)
FNDA:0,(anonymous_14)
FNDA:0,(anonymous_15)
FNDA:0,(anonymous_16)
FNDA:0,(anonymous_17)
FNDA:0,(anonymous_18)
FNDA:0,(anonymous_19)
FNDA:0,(anonymous_20)
FNDA:0,decodeError
FNDA:0,fetchPorts
FNDA:0,(anonymous_23)
FNDA:0,(anonymous_24)
FNDA:0,(anonymous_25)
FNDA:0,(anonymous_26)
FNDA:0,(anonymous_27)
FNDA:0,(anonymous_28)
FNDA:0,(anonymous_29)
FNDA:0,(anonymous_30)
FNDA:0,(anonymous_31)
FNDA:0,(anonymous_32)
FNDA:0,(anonymous_33)
FNDA:0,(anonymous_34)
FNDA:0,(anonymous_35)
FNDA:0,(anonymous_36)
FNDA:0,(anonymous_37)
FNDA:0,(anonymous_38)
DA:1,0
DA:2,0
DA:3,0
DA:4,0
DA:5,0
DA:6,0
DA:7,0
DA:8,0
DA:11,0
DA:12,0
DA:13,0
DA:15,0
DA:16,0
DA:17,0
DA:20,0
DA:21,0
DA:22,0
DA:26,0
DA:27,0
DA:30,0
DA:32,0
DA:33,0
DA:34,0
DA:37,0
DA:40,0
DA:41,0
DA:42,0
DA:43,0
DA:44,0
DA:46,0
DA:47,0
DA:48,0
DA:53,0
DA:56,0
DA:57,0
DA:58,0
DA:59,0
DA:61,0
DA:64,0
DA:65,0
DA:66,0
DA:67,0
DA:68,0
DA:69,0
DA:70,0
DA:71,0
DA:72,0
DA:74,0
DA:77,0
DA:79,0
DA:80,0
DA:84,0
DA:85,0
DA:86,0
DA:88,0
DA:91,0
DA:92,0
DA:94,0
DA:95,0
DA:96,0
DA:97,0
DA:98,0
DA:99,0
DA:100,0
DA:102,0
DA:106,0
DA:107,0
DA:108,0
DA:109,0
DA:110,0
DA:111,0
DA:112,0
DA:115,0
DA:116,0
DA:119,0
DA:121,0
DA:122,0
DA:123,0
DA:127,0
DA:129,0
DA:130,0
DA:137,0
DA:144,0
DA:145,0
DA:146,0
DA:148,0
DA:149,0
DA:150,0
DA:151,0
DA:154,0
DA:155,0
DA:156,0
DA:158,0
DA:160,0
DA:167,0
DA:168,0
DA:169,0
DA:170,0
DA:171,0
DA:172,0
DA:173,0
DA:174,0
DA:175,0
DA:180,0
DA:181,0
DA:182,0
DA:183,0
DA:185,0
DA:186,0
DA:187,0
DA:188,0
DA:189,0
DA:190,0
DA:191,0
DA:192,0
DA:193,0
DA:195,0
DA:196,0
DA:197,0
DA:198,0
DA:199,0
DA:200,0
DA:202,0
DA:203,0
DA:204,0
DA:206,0
DA:209,0
DA:212,0
DA:218,0
DA:219,0
DA:220,0
DA:222,0
DA:223,0
DA:227,0
DA:228,0
DA:230,0
DA:231,0
DA:233,0
DA:234,0
DA:236,0
DA:240,0
DA:241,0
DA:242,0
DA:244,0
DA:245,0
DA:248,0
DA:249,0
DA:251,0
DA:252,0
DA:254,0
DA:255,0
DA:257,0
DA:262,0
DA:266,0
DA:273,0
DA:274,0
DA:275,0
DA:278,0
DA:279,0
DA:280,0
DA:281,0
DA:282,0
DA:284,0
DA:287,0
DA:289,0
DA:296,0
DA:297,0
DA:299,0
DA:300,0
DA:303,0
DA:304,0
DA:305,0
DA:307,0
DA:317,0
DA:319,0
DA:325,0
DA:327,0
DA:328,0
DA:331,0
DA:334,0
DA:335,0
DA:336,0
DA:337,0
DA:338,0
DA:339,0
DA:340,0
DA:343,0
DA:344,0
DA:346,0
DA:347,0
DA:348,0
DA:350,0
DA:351,0
DA:353,0
DA:357,0
DA:359,0
DA:368,0
DA:380,0
DA:383,0
DA:384,0
DA:389,0
DA:390,0
DA:391,0
DA:393,0
DA:394,0
DA:395,0
DA:398,0
DA:399,0
DA:400,0
DA:401,0
DA:402,0
DA:403,0
DA:404,0
DA:406,0
DA:408,0
DA:410,0
DA:412,0
DA:413,0
DA:417,0
DA:418,0
DA:421,0
DA:423,0
DA:430,0
DA:431,0
DA:433,0
DA:434,0
DA:435,0
DA:436,0
DA:437,0
DA:439,0
DA:442,0
DA:446,0
DA:447,0
DA:448,0
DA:449,0
DA:452,0
DA:454,0
DA:462,0
DA:463,0
DA:465,0
DA:467,0
DA:468,0
DA:469,0
DA:470,0
DA:472,0
DA:476,0
DA:479,0
DA:481,0
DA:482,0
DA:483,0
DA:487,0
DA:488,0
DA:489,0
DA:490,0
DA:491,0
DA:494,0
DA:495,0
DA:496,0
DA:500,0
DA:501,0
LF:260
LH:0
BRDA:22,0,0,0
BRDA:22,0,1,0
BRDA:22,1,0,0
BRDA:22,1,1,0
BRDA:26,2,0,0
BRDA:26,2,1,0
BRDA:33,3,0,0
BRDA:33,3,1,0
BRDA:37,4,0,0
BRDA:37,4,1,0
BRDA:42,5,0,0
BRDA:42,5,1,0
BRDA:44,6,0,0
BRDA:44,6,1,0
BRDA:59,7,0,0
BRDA:59,7,1,0
BRDA:59,8,0,0
BRDA:59,8,1,0
BRDA:66,9,0,0
BRDA:66,9,1,0
BRDA:70,10,0,0
BRDA:70,10,1,0
BRDA:88,11,0,0
BRDA:88,11,1,0
BRDA:91,12,0,0
BRDA:91,12,1,0
BRDA:94,13,0,0
BRDA:94,13,1,0
BRDA:98,14,0,0
BRDA:98,14,1,0
BRDA:106,15,0,0
BRDA:106,15,1,0
BRDA:107,16,0,0
BRDA:107,16,1,0
BRDA:108,17,0,0
BRDA:108,17,1,0
BRDA:109,18,0,0
BRDA:109,18,1,0
BRDA:110,19,0,0
BRDA:110,19,1,0
BRDA:111,20,0,0
BRDA:111,20,1,0
BRDA:112,21,0,0
BRDA:112,21,1,0
BRDA:119,22,0,0
BRDA:119,22,1,0
BRDA:122,23,0,0
BRDA:122,23,1,0
BRDA:150,24,0,0
BRDA:150,24,1,0
BRDA:150,25,0,0
BRDA:150,25,1,0
BRDA:158,26,0,0
BRDA:158,26,1,0
BRDA:170,27,0,0
BRDA:170,27,1,0
BRDA:183,28,0,0
BRDA:183,28,1,0
BRDA:183,28,2,0
BRDA:185,29,0,0
BRDA:185,29,1,0
BRDA:185,30,0,0
BRDA:185,30,1,0
BRDA:186,31,0,0
BRDA:186,31,1,0
BRDA:188,32,0,0
BRDA:188,32,1,0
BRDA:188,33,0,0
BRDA:188,33,1,0
BRDA:190,34,0,0
BRDA:190,34,1,0
BRDA:192,35,0,0
BRDA:192,35,1,0
BRDA:196,36,0,0
BRDA:196,36,1,0
BRDA:198,37,0,0
BRDA:198,37,1,0
BRDA:200,38,0,0
BRDA:200,38,1,0
BRDA:203,39,0,0
BRDA:203,39,1,0
BRDA:203,40,0,0
BRDA:203,40,1,0
BRDA:203,40,2,0
BRDA:203,40,3,0
BRDA:222,41,0,0
BRDA:222,41,1,0
BRDA:228,42,0,0
BRDA:228,42,1,0
BRDA:230,43,0,0
BRDA:230,43,1,0
BRDA:230,44,0,0
BRDA:230,44,1,0
BRDA:230,44,2,0
BRDA:244,45,0,0
BRDA:244,45,1,0
BRDA:249,46,0,0
BRDA:249,46,1,0
BRDA:251,47,0,0
BRDA:251,47,1,0
BRDA:251,48,0,0
BRDA:251,48,1,0
BRDA:251,48,2,0
BRDA:268,49,0,0
BRDA:268,49,1,0
BRDA:273,50,0,0
BRDA:273,50,1,0
BRDA:279,51,0,0
BRDA:279,51,1,0
BRDA:279,52,0,0
BRDA:279,52,1,0
BRDA:281,53,0,0
BRDA:281,53,1,0
BRDA:281,54,0,0
BRDA:281,54,1,0
BRDA:300,55,0,0
BRDA:300,55,1,0
BRDA:304,56,0,0
BRDA:304,56,1,0
BRDA:305,57,0,0
BRDA:305,57,1,0
BRDA:317,58,0,0
BRDA:317,58,1,0
BRDA:317,59,0,0
BRDA:317,59,1,0
BRDA:327,60,0,0
BRDA:327,60,1,0
BRDA:335,61,0,0
BRDA:335,61,1,0
BRDA:336,62,0,0
BRDA:336,62,1,0
BRDA:337,63,0,0
BRDA:337,63,1,0
BRDA:338,64,0,0
BRDA:338,64,1,0
BRDA:339,65,0,0
BRDA:339,65,1,0
BRDA:346,66,0,0
BRDA:346,66,1,0
BRDA:348,67,0,0
BRDA:348,67,1,0
BRDA:348,68,0,0
BRDA:348,68,1,0
BRDA:350,69,0,0
BRDA:350,69,1,0
BRDA:350,70,0,0
BRDA:350,70,1,0
BRDA:351,71,0,0
BRDA:351,71,1,0
BRDA:351,72,0,0
BRDA:351,72,1,0
BRDA:357,73,0,0
BRDA:357,73,1,0
BRDA:394,74,0,0
BRDA:394,74,1,0
BRDA:395,75,0,0
BRDA:395,75,1,0
BRDA:398,76,0,0
BRDA:398,76,1,0
BRDA:402,77,0,0
BRDA:402,77,1,0
BRDA:408,78,0,0
BRDA:408,78,1,0
BRDA:412,79,0,0
BRDA:412,79,1,0
BRDA:412,80,0,0
BRDA:412,80,1,0
BRDA:413,81,0,0
BRDA:413,81,1,0
BRDA:417,82,0,0
BRDA:417,82,1,0
BRDA:417,83,0,0
BRDA:417,83,1,0
BRDA:430,84,0,0
BRDA:430,84,1,0
BRDA:434,85,0,0
BRDA:434,85,1,0
BRDA:462,86,0,0
BRDA:462,86,1,0
BRDA:469,87,0,0
BRDA:469,87,1,0
BRF:181
BRH:0
end_of_record
TN:
SF:config-ui\server\list_tables.js
FN:8,listTables
FN:32,(anonymous_1)
FNF:2
FNH:0
FNDA:0,listTables
FNDA:0,(anonymous_1)
DA:1,0
DA:2,0
DA:5,0
DA:6,0
DA:9,0
DA:10,0
DA:16,0
DA:24,0
DA:31,0
DA:32,0
DA:33,0
DA:36,0
DA:38,0
DA:42,0
LF:14
LH:0
BRF:0
BRH:0
end_of_record
TN:
SF:config-ui\server\migrate_schema.js
FN:6,(anonymous_0)
FN:8,(anonymous_1)
FN:18,migrate
FNF:3
FNH:0
FNDA:0,(anonymous_0)
FNDA:0,(anonymous_1)
FNDA:0,migrate
DA:1,0
DA:2,0
DA:3,0
DA:6,0
DA:7,0
DA:8,0
DA:9,0
DA:10,0
DA:12,0
DA:15,0
DA:16,0
DA:19,0
DA:20,0
DA:21,0
DA:22,0
DA:25,0
DA:28,0
DA:36,0
DA:37,0
DA:39,0
DA:40,0
DA:41,0
DA:45,0
DA:47,0
DA:49,0
DA:53,0
LF:26
LH:0
BRDA:10,0,0,0
BRDA:10,0,1,0
BRDA:10,1,0,0
BRDA:10,1,1,0
BRDA:20,2,0,0
BRDA:20,2,1,0
BRDA:29,3,0,0
BRDA:29,3,1,0
BRDA:30,4,0,0
BRDA:30,4,1,0
BRDA:31,5,0,0
BRDA:31,5,1,0
BRDA:32,6,0,0
BRDA:32,6,1,0
BRDA:33,7,0,0
BRDA:33,7,1,0
BRF:16
BRH:0
end_of_record
TN:
SF:config-ui\server\test_columns_query.js
FN:6,checkColumns
FNF:1
FNH:0
FNDA:0,checkColumns
DA:1,0
DA:2,0
DA:3,0
DA:4,0
DA:7,0
DA:8,0
DA:16,0
DA:18,0
DA:25,0
DA:26,0
DA:28,0
DA:30,0
DA:34,0
LF:13
LH:0
BRF:0
BRH:0
end_of_record
TN:
SF:config-ui\server\verify_api.js
FN:3,get
FN:4,(anonymous_1)
FN:10,(anonymous_2)
FN:12,(anonymous_3)
FN:13,(anonymous_4)
FN:24,test
FNF:6
FNH:0
FNDA:0,get
FNDA:0,(anonymous_1)
FNDA:0,(anonymous_2)
FNDA:0,(anonymous_3)
FNDA:0,(anonymous_4)
FNDA:0,test
DA:1,0
DA:4,0
DA:5,0
DA:11,0
DA:12,0
DA:13,0
DA:14,0
DA:15,0
DA:17,0
DA:25,0
DA:26,0
DA:27,0
DA:28,0
DA:29,0
DA:30,0
DA:32,0
DA:33,0
DA:34,0
DA:35,0
DA:37,0
DA:38,0
DA:39,0
DA:40,0
DA:43,0
DA:47,0
LF:25
LH:0
BRF:0
BRH:0
end_of_record
TN:
SF:config-ui\server\routes\admin.js
FN:29,hashPassword
FN:49,verifyPassword
FN:71,(anonymous_2)
FN:76,(anonymous_3)
FN:79,(anonymous_4)
FN:103,(anonymous_5)
FN:117,(anonymous_6)
FN:121,(anonymous_7)
FN:139,initializeAdminCredentials
FN:169,(anonymous_9)
FN:181,(anonymous_10)
FN:262,(anonymous_11)
FN:303,(anonymous_12)
FN:314,(anonymous_13)
FN:352,(anonymous_14)
FNF:15
FNH:0
FNDA:0,hashPassword
FNDA:0,verifyPassword
FNDA:0,(anonymous_2)
FNDA:0,(anonymous_3)
FNDA:0,(anonymous_4)
FNDA:0,(anonymous_5)
FNDA:0,(anonymous_6)
FNDA:0,(anonymous_7)
FNDA:0,initializeAdminCredentials
FNDA:0,(anonymous_9)
FNDA:0,(anonymous_10)
FNDA:0,(anonymous_11)
FNDA:0,(anonymous_12)
FNDA:0,(anonymous_13)
FNDA:0,(anonymous_14)
DA:1,0
DA:2,0
DA:3,0
DA:4,0
DA:5,0
DA:6,0
DA:9,0
DA:10,0
DA:13,0
DA:14,0
DA:15,0
DA:17,0
DA:18,0
DA:20,0
DA:22,0
DA:23,0
DA:30,0
DA:31,0
DA:34,0
DA:35,0
DA:38,0
DA:39,0
DA:42,0
DA:46,0
DA:50,0
DA:51,0
DA:56,0
DA:57,0
DA:62,0
DA:72,0
DA:73,0
DA:74,0
DA:76,0
DA:80,0
DA:81,0
DA:83,0
DA:84,0
DA:87,0
DA:88,0
DA:96,0
DA:104,0
DA:105,0
DA:107,0
DA:108,0
DA:110,0
DA:111,0
DA:112,0
DA:118,0
DA:122,0
DA:123,0
DA:124,0
DA:125,0
DA:131,0
DA:137,0
DA:140,0
DA:141,0
DA:143,0
DA:144,0
DA:145,0
DA:148,0
DA:149,0
DA:150,0
DA:152,0
DA:155,0
DA:160,0
DA:163,0
DA:169,0
DA:170,0
DA:171,0
DA:172,0
DA:174,0
DA:181,0
DA:182,0
DA:183,0
DA:186,0
DA:187,0
DA:188,0
DA:189,0
DA:197,0
DA:198,0
DA:199,0
DA:200,0
DA:204,0
DA:205,0
DA:206,0
DA:207,0
DA:208,0
DA:211,0
DA:212,0
DA:213,0
DA:214,0
DA:217,0
DA:218,0
DA:221,0
DA:222,0
DA:223,0
DA:224,0
DA:228,0
DA:229,0
DA:230,0
DA:231,0
DA:234,0
DA:235,0
DA:236,0
DA:237,0
DA:238,0
DA:241,0
DA:242,0
DA:246,0
DA:247,0
DA:249,0
DA:250,0
DA:251,0
DA:253,0
DA:256,0
DA:257,0
DA:262,0
DA:263,0
DA:264,0
DA:272,0
DA:273,0
DA:274,0
DA:275,0
DA:280,0
DA:281,0
DA:282,0
DA:283,0
DA:284,0
DA:288,0
DA:289,0
DA:291,0
DA:292,0
DA:295,0
DA:297,0
DA:298,0
DA:303,0
DA:304,0
DA:306,0
DA:308,0
DA:309,0
DA:310,0
DA:314,0
DA:315,0
DA:316,0
DA:317,0
DA:319,0
DA:323,0
DA:324,0
DA:325,0
DA:328,0
DA:329,0
DA:330,0
DA:331,0
DA:332,0
DA:336,0
DA:337,0
DA:339,0
DA:340,0
DA:343,0
DA:346,0
DA:347,0
DA:352,0
DA:355,0
DA:356,0
DA:359,0
DA:365,0
DA:367,0
DA:370,0
LF:168
LH:0
BRDA:15,0,0,0
BRDA:15,0,1,0
BRDA:29,1,0,0
BRDA:30,2,0,0
BRDA:30,2,1,0
BRDA:34,3,0,0
BRDA:34,3,1,0
BRDA:38,4,0,0
BRDA:38,4,1,0
BRDA:71,5,0,0
BRDA:71,6,0,0
BRDA:83,7,0,0
BRDA:83,7,1,0
BRDA:83,8,0,0
BRDA:83,8,1,0
BRDA:87,9,0,0
BRDA:87,9,1,0
BRDA:107,10,0,0
BRDA:107,10,1,0
BRDA:107,11,0,0
BRDA:107,11,1,0
BRDA:111,12,0,0
BRDA:111,12,1,0
BRDA:124,13,0,0
BRDA:124,13,1,0
BRDA:143,14,0,0
BRDA:143,14,1,0
BRDA:148,15,0,0
BRDA:148,15,1,0
BRDA:152,16,0,0
BRDA:152,16,1,0
BRDA:170,17,0,0
BRDA:170,17,1,0
BRDA:170,18,0,0
BRDA:170,18,1,0
BRDA:170,18,2,0
BRDA:182,19,0,0
BRDA:182,19,1,0
BRDA:182,19,2,0
BRDA:187,20,0,0
BRDA:187,20,1,0
BRDA:198,21,0,0
BRDA:198,21,1,0
BRDA:206,22,0,0
BRDA:206,22,1,0
BRDA:212,23,0,0
BRDA:212,23,1,0
BRDA:221,24,0,0
BRDA:221,24,1,0
BRDA:228,25,0,0
BRDA:228,25,1,0
BRDA:235,26,0,0
BRDA:235,26,1,0
BRDA:265,27,0,0
BRDA:265,27,1,0
BRDA:268,28,0,0
BRDA:268,28,1,0
BRDA:272,29,0,0
BRDA:272,29,1,0
BRDA:275,30,0,0
BRDA:275,30,1,0
BRDA:280,31,0,0
BRDA:280,31,1,0
BRDA:280,32,0,0
BRDA:280,32,1,0
BRDA:281,33,0,0
BRDA:281,33,1,0
BRDA:284,34,0,0
BRDA:284,34,1,0
BRDA:288,35,0,0
BRDA:288,35,1,0
BRDA:292,36,0,0
BRDA:292,36,1,0
BRDA:309,37,0,0
BRDA:309,37,1,0
BRDA:316,38,0,0
BRDA:316,38,1,0
BRDA:328,39,0,0
BRDA:328,39,1,0
BRDA:329,40,0,0
BRDA:329,40,1,0
BRDA:336,41,0,0
BRDA:336,41,1,0
BRF:83
BRH:0
end_of_record
TN:
SF:config-ui\server\utils\createLogger.js
FN:12,(anonymous_0)
FN:16,(anonymous_1)
FN:17,(anonymous_2)
FN:41,createLogger
FN:77,(anonymous_4)
FNF:5
FNH:0
FNDA:0,(anonymous_0)
FNDA:0,(anonymous_1)
FNDA:0,(anonymous_2)
FNDA:0,createLogger
FNDA:0,(anonymous_4)
DA:1,0
DA:2,0
DA:3,0
DA:4,0
DA:5,0
DA:8,0
DA:9,0
DA:13,0
DA:17,0
DA:18,0
DA:22,0
DA:23,0
DA:24,0
DA:27,0
DA:32,0
DA:33,0
DA:34,0
DA:35,0
DA:37,0
DA:42,0
DA:45,0
DA:46,0
DA:49,0
DA:76,0
DA:77,0
LF:25
LH:0
BRDA:23,0,0,0
BRDA:23,0,1,0
BRDA:33,1,0,0
BRDA:33,1,1,0
BRDA:45,2,0,0
BRDA:45,2,1,0
BRDA:50,3,0,0
BRDA:50,3,1,0
BRF:8
BRH:0
end_of_record
TN:
SF:config-ui\server\utils\getLatestLogFile.js
FN:10,listFiles
FN:20,(anonymous_1)
FN:23,(anonymous_2)
FN:25,(anonymous_3)
FN:28,(anonymous_4)
FN:30,(anonymous_5)
FN:33,getLatestByMtime
FN:52,getLatestLogFile
FNF:8
FNH:0
FNDA:0,listFiles
FNDA:0,(anonymous_1)
FNDA:0,(anonymous_2)
FNDA:0,(anonymous_3)
FNDA:0,(anonymous_4)
FNDA:0,(anonymous_5)
FNDA:0,getLatestByMtime
FNDA:0,getLatestLogFile
DA:1,0
DA:2,0
DA:4,0
DA:5,0
DA:6,0
DA:8,0
DA:11,0
DA:13,0
DA:14,0
DA:15,0
DA:17,0
DA:20,0
DA:22,0
DA:24,0
DA:25,0
DA:26,0
DA:27,0
DA:28,0
DA:30,0
DA:34,0
DA:35,0
DA:37,0
DA:38,0
DA:39,0
DA:40,0
DA:41,0
DA:42,0
DA:49,0
DA:53,0
DA:56,0
DA:57,0
DA:58,0
DA:60,0
DA:61,0
DA:64,0
DA:66,0
DA:67,0
DA:70,0
DA:71,0
DA:73,0
DA:74,0
DA:75,0
DA:77,0
DA:78,0
DA:79,0
DA:83,0
DA:84,0
DA:86,0
DA:87,0
DA:88,0
DA:90,0
DA:91,0
DA:93,0
DA:94,0
DA:95,0
DA:96,0
DA:97,0
DA:100,0
DA:111,0
DA:113,0
DA:115,0
DA:116,0
DA:117,0
DA:121,0
DA:123,0
DA:124,0
DA:125,0
DA:128,0
DA:131,0
LF:69
LH:0
BRDA:6,0,0,0
BRDA:6,0,1,0
BRDA:11,1,0,0
BRDA:11,1,1,0
BRDA:20,2,0,0
BRDA:20,2,1,0
BRDA:26,3,0,0
BRDA:26,3,1,0
BRDA:27,4,0,0
BRDA:27,4,1,0
BRDA:40,5,0,0
BRDA:40,5,1,0
BRDA:53,6,0,0
BRDA:53,6,1,0
BRDA:57,7,0,0
BRDA:57,7,1,0
BRDA:57,8,0,0
BRDA:57,8,1,0
BRDA:58,9,0,0
BRDA:58,9,1,0
BRDA:58,10,0,0
BRDA:58,10,1,0
BRDA:70,11,0,0
BRDA:70,11,1,0
BRDA:73,12,0,0
BRDA:73,12,1,0
BRDA:77,13,0,0
BRDA:77,13,1,0
BRDA:83,14,0,0
BRDA:83,14,1,0
BRDA:83,15,0,0
BRDA:83,15,1,0
BRDA:86,16,0,0
BRDA:86,16,1,0
BRDA:90,17,0,0
BRDA:90,17,1,0
BRDA:90,18,0,0
BRDA:90,18,1,0
BRDA:93,19,0,0
BRDA:93,19,1,0
BRDA:93,20,0,0
BRDA:93,20,1,0
BRDA:111,21,0,0
BRDA:111,21,1,0
BRDA:116,22,0,0
BRDA:116,22,1,0
BRDA:116,23,0,0
BRDA:116,23,1,0
BRDA:124,24,0,0
BRDA:124,24,1,0
BRF:50
BRH:0
end_of_record
TN:
SF:config-ui\server\utils\tailFile.js
FN:3,tailFile
FNF:1
FNH:0
FNDA:0,tailFile
DA:1,0
DA:4,0
DA:6,0
DA:7,0
DA:9,0
DA:10,0
DA:12,0
DA:13,0
DA:14,0
DA:16,0
DA:17,0
DA:19,0
DA:21,0
DA:22,0
DA:24,0
DA:25,0
DA:27,0
DA:30,0
DA:32,0
DA:35,0
LF:20
LH:0
BRDA:3,0,0,0
BRDA:4,1,0,0
BRDA:4,1,1,0
BRDA:16,2,0,0
BRDA:16,2,1,0
BRDA:27,3,0,0
BRDA:27,3,1,0
BRF:7
BRH:0
end_of_record
TN:
SF:config-ui\server\ws\logSocket.js
FN:6,startLogWebSocket
FN:11,(anonymous_1)
FN:46,(anonymous_2)
FN:50,(anonymous_3)
FN:62,(anonymous_4)
FN:99,(anonymous_5)
FN:101,(anonymous_6)
FN:116,(anonymous_7)
FNF:8
FNH:0
FNDA:0,startLogWebSocket
FNDA:0,(anonymous_1)
FNDA:0,(anonymous_2)
FNDA:0,(anonymous_3)
FNDA:0,(anonymous_4)
FNDA:0,(anonymous_5)
FNDA:0,(anonymous_6)
FNDA:0,(anonymous_7)
DA:1,0
DA:2,0
DA:3,0
DA:4,0
DA:7,0
DA:9,0
DA:11,0
DA:12,0
DA:13,0
DA:14,0
DA:15,0
DA:17,0
DA:20,0
DA:22,0
DA:23,0
DA:29,0
DA:35,0
DA:36,0
DA:37,0
DA:38,0
DA:40,0
DA:41,0
DA:46,0
DA:47,0
DA:49,0
DA:50,0
DA:51,0
DA:56,0
DA:60,0
DA:62,0
DA:64,0
DA:67,0
DA:68,0
DA:69,0
DA:71,0
DA:77,0
DA:78,0
DA:79,0
DA:80,0
DA:86,0
DA:89,0
DA:90,0
DA:91,0
DA:93,0
DA:94,0
DA:99,0
DA:100,0
DA:101,0
DA:102,0
DA:106,0
DA:107,0
DA:109,0
DA:116,0
DA:117,0
DA:122,0
LF:55
LH:0
BRDA:15,0,0,0
BRDA:15,0,1,0
BRDA:22,1,0,0
BRDA:22,1,1,0
BRDA:40,2,0,0
BRDA:40,2,1,0
BRDA:49,3,0,0
BRDA:49,3,1,0
BRDA:51,4,0,0
BRDA:51,4,1,0
BRDA:60,5,0,0
BRDA:60,5,1,0
BRDA:67,6,0,0
BRDA:67,6,1,0
BRDA:67,7,0,0
BRDA:67,7,1,0
BRDA:77,8,0,0
BRDA:77,8,1,0
BRDA:77,9,0,0
BRDA:77,9,1,0
BRDA:86,10,0,0
BRDA:86,10,1,0
BRDA:93,11,0,0
BRDA:93,11,1,0
BRDA:102,12,0,0
BRDA:102,12,1,0
BRDA:107,13,0,0
BRDA:107,13,1,0
BRF:28
BRH:0
end_of_record
TN:
SF:ingestion-service\src\config.js
FN:46,(anonymous_0)
FN:47,(anonymous_1)
FNF:2
FNH:0
FNDA:0,(anonymous_0)
FNDA:0,(anonymous_1)
DA:1,0
DA:2,0
DA:5,0
DA:6,0
DA:9,0
DA:16,0
DA:17,0
DA:19,0
DA:20,0
DA:21,0
DA:22,0
DA:23,0
DA:24,0
DA:28,0
DA:30,0
DA:31,0
DA:32,0
DA:33,0
DA:34,0
DA:35,0
DA:36,0
DA:37,0
DA:38,0
DA:39,0
DA:40,0
DA:43,0
DA:46,0
DA:47,0
DA:78,0
DA:80,0
LF:30
LH:0
BRDA:6,0,0,0
BRDA:6,0,1,0
BRDA:20,1,0,0
BRDA:20,1,1,0
BRDA:28,2,0,0
BRDA:28,2,1,0
BRDA:46,3,0,0
BRDA:46,3,1,0
BRDA:47,4,0,0
BRDA:47,4,1,0
BRDA:48,5,0,0
BRDA:48,5,1,0
BRDA:52,6,0,0
BRDA:52,6,1,0
BRDA:53,7,0,0
BRDA:53,7,1,0
BRDA:54,8,0,0
BRDA:54,8,1,0
BRDA:55,9,0,0
BRDA:55,9,1,0
BRDA:56,10,0,0
BRDA:56,10,1,0
BRDA:62,11,0,0
BRDA:62,11,1,0
BRDA:63,12,0,0
BRDA:63,12,1,0
BRDA:64,13,0,0
BRDA:64,13,1,0
BRDA:68,14,0,0
BRDA:68,14,1,0
BRDA:68,14,2,0
BRDA:68,14,3,0
BRDA:72,15,0,0
BRDA:72,15,1,0
BRDA:72,15,2,0
BRDA:78,16,0,0
BRDA:78,16,1,0
BRDA:78,17,0,0
BRDA:78,17,1,0
BRF:39
BRH:0
end_of_record
TN:
SF:ingestion-service\src\normalization.js
FN:20,normalizeEventTime
FN:55,detectSource
FN:81,extractViolations
FN:99,normalizeVmsAnpr
FN:132,normalizeAppAnpr
FN:157,normalizeEvent
FNF:6
FNH:4
FNDA:7,normalizeEventTime
FNDA:11,detectSource
FNDA:5,extractViolations
FNDA:0,normalizeVmsAnpr
FNDA:0,normalizeAppAnpr
FNDA:7,normalizeEvent
DA:1,1
DA:2,1
DA:5,1
DA:6,1
DA:21,7
DA:24,7
DA:25,0
DA:28,7
DA:29,0
DA:32,7
DA:33,0
DA:37,7
DA:38,0
DA:42,7
DA:43,0
DA:47,7
DA:56,11
DA:59,10
DA:60,0
DA:62,10
DA:63,0
DA:67,10
DA:68,0
DA:76,10
DA:78,10
DA:82,5
DA:83,3
DA:84,3
DA:85,3
DA:86,3
DA:87,3
DA:88,3
DA:89,3
DA:90,3
DA:91,3
DA:93,3
DA:100,0
DA:101,0
DA:133,0
DA:134,0
DA:158,7
DA:159,7
DA:163,7
DA:167,7
DA:168,0
DA:170,0
DA:172,0
DA:175,0
DA:180,7
DA:185,7
DA:186,0
DA:201,7
DA:204,7
DA:205,0
DA:206,0
DA:207,0
DA:208,0
DA:209,0
DA:210,0
DA:211,0
DA:215,7
DA:228,1
LF:62
LH:38
BRDA:7,0,0,1
BRDA:7,0,1,1
BRDA:21,1,0,0
BRDA:21,1,1,7
BRDA:24,2,0,0
BRDA:24,2,1,7
BRDA:24,3,0,7
BRDA:24,3,1,0
BRDA:28,4,0,0
BRDA:28,4,1,7
BRDA:28,5,0,7
BRDA:28,5,1,0
BRDA:32,6,0,0
BRDA:32,6,1,7
BRDA:32,7,0,7
BRDA:32,7,1,0
BRDA:37,8,0,0
BRDA:37,8,1,7
BRDA:42,9,0,0
BRDA:42,9,1,7
BRDA:56,10,0,1
BRDA:56,10,1,10
BRDA:59,11,0,0
BRDA:59,11,1,10
BRDA:59,12,0,10
BRDA:59,12,1,0
BRDA:62,13,0,0
BRDA:62,13,1,10
BRDA:62,14,0,10
BRDA:62,14,1,10
BRDA:67,15,0,0
BRDA:67,15,1,10
BRDA:67,16,0,10
BRDA:67,16,1,10
BRDA:76,17,0,0
BRDA:76,17,1,10
BRDA:76,18,0,10
BRDA:76,18,1,0
BRDA:82,19,0,2
BRDA:82,19,1,3
BRDA:84,20,0,0
BRDA:84,20,1,3
BRDA:84,21,0,3
BRDA:84,21,1,3
BRDA:85,22,0,2
BRDA:85,22,1,1
BRDA:85,23,0,3
BRDA:85,23,1,3
BRDA:86,24,0,0
BRDA:86,24,1,3
BRDA:86,25,0,3
BRDA:86,25,1,3
BRDA:87,26,0,2
BRDA:87,26,1,1
BRDA:87,27,0,3
BRDA:87,27,1,3
BRDA:88,28,0,0
BRDA:88,28,1,3
BRDA:88,29,0,3
BRDA:88,29,1,3
BRDA:89,30,0,0
BRDA:89,30,1,3
BRDA:89,31,0,3
BRDA:89,31,1,3
BRDA:90,32,0,0
BRDA:90,32,1,3
BRDA:90,33,0,3
BRDA:90,33,1,3
BRDA:91,34,0,0
BRDA:91,34,1,3
BRDA:91,35,0,3
BRDA:91,35,1,3
BRDA:104,36,0,0
BRDA:104,36,1,0
BRDA:104,36,2,0
BRDA:105,37,0,0
BRDA:105,37,1,0
BRDA:106,38,0,0
BRDA:106,38,1,0
BRDA:107,39,0,0
BRDA:107,39,1,0
BRDA:108,40,0,0
BRDA:108,40,1,0
BRDA:109,41,0,0
BRDA:109,41,1,0
BRDA:110,42,0,0
BRDA:110,42,1,0
BRDA:112,43,0,0
BRDA:112,43,1,0
BRDA:112,43,2,0
BRDA:112,43,3,0
BRDA:112,43,4,0
BRDA:112,43,5,0
BRDA:112,43,6,0
BRDA:112,43,7,0
BRDA:123,44,0,0
BRDA:123,44,1,0
BRDA:124,45,0,0
BRDA:124,45,1,0
BRDA:125,46,0,0
BRDA:125,46,1,0
BRDA:137,47,0,0
BRDA:137,47,1,0
BRDA:138,48,0,0
BRDA:138,48,1,0
BRDA:139,49,0,0
BRDA:139,49,1,0
BRDA:139,49,2,0
BRDA:140,50,0,0
BRDA:140,50,1,0
BRDA:141,51,0,0
BRDA:141,51,1,0
BRDA:142,52,0,0
BRDA:142,52,1,0
BRDA:143,53,0,0
BRDA:143,53,1,0
BRDA:145,54,0,0
BRDA:145,54,1,0
BRDA:147,55,0,0
BRDA:147,55,1,0
BRDA:158,56,0,7
BRDA:158,56,1,2
BRDA:163,57,0,7
BRDA:163,57,1,7
BRDA:163,57,2,7
BRDA:163,57,3,7
BRDA:167,58,0,0
BRDA:167,58,1,7
BRDA:168,59,0,0
BRDA:168,59,1,0
BRDA:168,59,2,0
BRDA:180,60,0,7
BRDA:180,60,1,7
BRDA:180,60,2,7
BRDA:180,60,3,7
BRDA:185,61,0,0
BRDA:185,61,1,7
BRDA:189,62,0,0
BRDA:189,62,1,0
BRDA:189,62,2,0
BRDA:189,62,3,0
BRDA:193,63,0,0
BRDA:193,63,1,0
BRDA:194,64,0,0
BRDA:194,64,1,0
BRDA:195,65,0,0
BRDA:195,65,1,0
BRDA:195,65,2,0
BRDA:201,66,0,7
BRDA:201,66,1,7
BRDA:201,66,2,7
BRDA:201,66,3,7
BRDA:201,66,4,7
BRDA:204,67,0,0
BRDA:204,67,1,7
BRDA:204,68,0,7
BRDA:204,68,1,7
BRDA:206,69,0,0
BRDA:206,69,1,0
BRDA:208,70,0,0
BRDA:208,70,1,0
BRDA:210,71,0,0
BRDA:210,71,1,0
BRDA:218,72,0,7
BRDA:218,72,1,7
BRDA:218,72,2,5
BRDA:222,73,0,7
BRDA:222,73,1,7
BRDA:223,74,0,7
BRDA:223,74,1,7
BRDA:224,75,0,7
BRDA:224,75,1,7
BRDA:224,75,2,7
BRDA:224,75,3,7
BRF:174
BRH:82
end_of_record
